<?xml version="1.0" encoding="UTF-8"?>
<testng-results skipped="0" failed="0" total="6" passed="6">
  <reporter-output>
  </reporter-output>
  <suite name="Default suite" duration-ms="24334" started-at="2014-10-12T19:22:35Z" finished-at="2014-10-12T19:23:00Z">
    <groups>
    </groups>
    <test name="Default test" duration-ms="24334" started-at="2014-10-12T19:22:35Z" finished-at="2014-10-12T19:23:00Z">
      <class name="com.example.tests.TestBase">
        <test-method status="PASS" signature="setUp()[pri:0, instance:com.example.tests.TestBase@50cbc42f]" name="setUp" is-config="true" duration-ms="5428" started-at="2014-10-12T23:22:35Z" finished-at="2014-10-12T23:22:41Z">
          <reporter-output>
          </reporter-output>
        </test-method> <!-- setUp -->
        <test-method status="PASS" signature="tearDown()[pri:0, instance:com.example.tests.TestBase@50cbc42f]" name="tearDown" is-config="true" duration-ms="336" started-at="2014-10-12T23:22:59Z" finished-at="2014-10-12T23:23:00Z">
          <reporter-output>
          </reporter-output>
        </test-method> <!-- tearDown -->
      </class> <!-- com.example.tests.TestBase -->
      <class name="com.example.tests.ContactCreationTests">
        <test-method status="PASS" signature="testEmptyContactCreation()[pri:0, instance:com.example.tests.ContactCreationTests@483bf400]" name="testEmptyContactCreation" duration-ms="2922" started-at="2014-10-12T23:22:45Z" finished-at="2014-10-12T23:22:48Z">
          <reporter-output>
          </reporter-output>
        </test-method> <!-- testEmptyContactCreation -->
        <test-method status="PASS" signature="testNonEmptyContactCreation()[pri:0, instance:com.example.tests.ContactCreationTests@483bf400]" name="testNonEmptyContactCreation" duration-ms="7368" started-at="2014-10-12T23:22:48Z" finished-at="2014-10-12T23:22:55Z">
          <reporter-output>
          </reporter-output>
        </test-method> <!-- testNonEmptyContactCreation -->
      </class> <!-- com.example.tests.ContactCreationTests -->
      <class name="com.example.tests.AlsoGroupCreationTests">
        <test-method status="PASS" signature="testEmptyGroupCreation()[pri:0, instance:com.example.tests.AlsoGroupCreationTests@3ecf72fd]" name="testEmptyGroupCreation" duration-ms="1974" started-at="2014-10-12T23:22:55Z" finished-at="2014-10-12T23:22:57Z">
          <reporter-output>
          </reporter-output>
        </test-method> <!-- testEmptyGroupCreation -->
        <test-method status="PASS" signature="testNonEmptyGroupCreation()[pri:0, instance:com.example.tests.AlsoGroupCreationTests@3ecf72fd]" name="testNonEmptyGroupCreation" duration-ms="2065" started-at="2014-10-12T23:22:57Z" finished-at="2014-10-12T23:22:59Z">
          <reporter-output>
          </reporter-output>
        </test-method> <!-- testNonEmptyGroupCreation -->
      </class> <!-- com.example.tests.AlsoGroupCreationTests -->
      <class name="com.example.tests.GroupCreationTests">
        <test-method status="PASS" signature="testEmptyGroupCreation()[pri:0, instance:com.example.tests.GroupCreationTests@64c64813]" name="testEmptyGroupCreation" duration-ms="2024" started-at="2014-10-12T23:22:41Z" finished-at="2014-10-12T23:22:43Z">
          <reporter-output>
          </reporter-output>
        </test-method> <!-- testEmptyGroupCreation -->
        <test-method status="PASS" signature="testNonEmptyGroupCreation()[pri:0, instance:com.example.tests.GroupCreationTests@64c64813]" name="testNonEmptyGroupCreation" duration-ms="2188" started-at="2014-10-12T23:22:43Z" finished-at="2014-10-12T23:22:45Z">
          <reporter-output>
          </reporter-output>
        </test-method> <!-- testNonEmptyGroupCreation -->
      </class> <!-- com.example.tests.GroupCreationTests -->
    </test> <!-- Default test -->
  </suite> <!-- Default suite -->
</testng-results>
