<?xml version="1.0" encoding="UTF-8"?>
<!-- Generated by org.testng.reporters.JUnitXMLReporter -->
<testsuite hostname="KORLOVA" name="Default test" tests="5" failures="0" timestamp="26 Oct 2014 18:14:38 GMT" time="19.452" errors="0">
  <testcase name="modifySomeGroup" time="3.017" classname="com.example.tests.GroupModificationTests"/>
  <testcase name="modifySomeGroup" time="2.438" classname="com.example.tests.GroupModificationTests"/>
  <testcase name="modifySomeGroup" time="2.76" classname="com.example.tests.GroupModificationTests"/>
  <testcase name="modifySomeGroup" time="2.685" classname="com.example.tests.GroupModificationTests"/>
  <testcase name="modifySomeGroup" time="2.678" classname="com.example.tests.GroupModificationTests"/>
</testsuite> <!-- Default test -->
