<?xml version="1.0" encoding="UTF-8"?>
<!-- Generated by org.testng.reporters.JUnitXMLReporter -->
<testsuite hostname="KORLOVA" name="Default test" tests="6" failures="0" timestamp="12 Oct 2014 19:23:00 GMT" time="24.334" errors="0">
  <testcase name="testEmptyGroupCreation" time="2.024" classname="com.example.tests.GroupCreationTests"/>
  <testcase name="testNonEmptyGroupCreation" time="2.188" classname="com.example.tests.GroupCreationTests"/>
  <testcase name="testEmptyContactCreation" time="2.922" classname="com.example.tests.ContactCreationTests"/>
  <testcase name="testNonEmptyContactCreation" time="7.368" classname="com.example.tests.ContactCreationTests"/>
  <testcase name="testEmptyGroupCreation" time="1.974" classname="com.example.tests.AlsoGroupCreationTests"/>
  <testcase name="testNonEmptyGroupCreation" time="2.065" classname="com.example.tests.AlsoGroupCreationTests"/>
</testsuite> <!-- Default test -->
