!SESSION 2014-10-10 21:01:57.600 -----------------------------------------------
eclipse.buildId=4.4.1.M20140925-0400
java.version=1.8.0_20
java.vendor=Oracle Corporation
BootLoader constants: OS=win32, ARCH=x86_64, WS=win32, NL=en_US
Framework arguments:  -product org.eclipse.epp.package.java.product
Command-line arguments:  -os win32 -ws win32 -arch x86_64 -product org.eclipse.epp.package.java.product

!ENTRY org.eclipse.m2e.logback.configuration 2 0 2014-10-10 21:02:17.595
!MESSAGE Exception while setting up logging:org.eclipse.osgi.internal.framework.EquinoxConfiguration$1 cannot be cast to java.lang.String
!STACK 0
java.lang.ClassCastException: org.eclipse.osgi.internal.framework.EquinoxConfiguration$1 cannot be cast to java.lang.String
	at org.eclipse.m2e.logback.configuration.LogHelper.logJavaProperties(LogHelper.java:26)
	at org.eclipse.m2e.logback.configuration.LogPlugin.loadConfiguration(LogPlugin.java:189)
	at org.eclipse.m2e.logback.configuration.LogPlugin.configureLogback(LogPlugin.java:144)
	at org.eclipse.m2e.logback.configuration.LogPlugin.access$2(LogPlugin.java:107)
	at org.eclipse.m2e.logback.configuration.LogPlugin$1.run(LogPlugin.java:62)
	at java.util.TimerThread.mainLoop(Unknown Source)
	at java.util.TimerThread.run(Unknown Source)

!ENTRY org.eclipse.egit.ui 2 0 2014-10-10 22:26:52.361
!MESSAGE Warning: EGit couldn't detect the installation path "gitPrefix" of native Git. Hence EGit can't respect system level
Git settings which might be configured in ${gitPrefix}/etc/gitconfig under the native Git installation directory.
The most important of these settings is core.autocrlf. Git for Windows by default sets this parameter to true in
this system level configuration. The Git installation location can be configured on the
Team > Git > Configuration preference page's 'System Settings' tab.
This warning can be switched off on the Team > Git > Confirmations and Warnings preference page.

!ENTRY org.eclipse.egit.ui 2 0 2014-10-10 22:26:52.418
!MESSAGE Warning: The environment variable HOME is not set. The following directory will be used to store the Git
user global configuration and to define the default location to store repositories: 'C:\Users\Korlova'. If this is
not correct please set the HOME environment variable and restart Eclipse. Otherwise Git for Windows and
EGit might behave differently since they see different configuration options.
This warning can be switched off on the Team > Git > Confirmations and Warnings preference page.

!ENTRY org.eclipse.ui 4 0 2014-10-10 22:29:19.456
!MESSAGE Unhandled event loop exception
!STACK 0
java.lang.NullPointerException
	at org.testng.eclipse.util.LaunchUtil.createConfName(LaunchUtil.java:409)
	at org.testng.eclipse.util.LaunchUtil.launchCompilationUnitConfiguration(LaunchUtil.java:399)
	at org.testng.eclipse.launch.TestNGLaunchShortcut.run(TestNGLaunchShortcut.java:189)
	at org.testng.eclipse.launch.TestNGLaunchShortcut.launch(TestNGLaunchShortcut.java:136)
	at org.eclipse.debug.internal.ui.launchConfigurations.LaunchShortcutExtension.launch(LaunchShortcutExtension.java:420)
	at org.eclipse.debug.internal.ui.contextlaunching.ContextRunner.launchShortcut(ContextRunner.java:204)
	at org.eclipse.debug.internal.ui.contextlaunching.ContextRunner.selectAndLaunch(ContextRunner.java:137)
	at org.eclipse.debug.internal.ui.contextlaunching.ContextRunner.launch(ContextRunner.java:81)
	at org.eclipse.debug.ui.actions.AbstractLaunchToolbarAction.run(AbstractLaunchToolbarAction.java:82)
	at org.eclipse.debug.ui.actions.AbstractLaunchHistoryAction.runWithEvent(AbstractLaunchHistoryAction.java:420)
	at org.eclipse.ui.internal.PluginAction.runWithEvent(PluginAction.java:243)
	at org.eclipse.ui.internal.WWinPluginAction.runWithEvent(WWinPluginAction.java:237)
	at org.eclipse.jface.action.ActionContributionItem.handleWidgetSelection(ActionContributionItem.java:595)
	at org.eclipse.jface.action.ActionContributionItem.access$2(ActionContributionItem.java:511)
	at org.eclipse.jface.action.ActionContributionItem$6.handleEvent(ActionContributionItem.java:462)
	at org.eclipse.swt.widgets.EventTable.sendEvent(EventTable.java:84)
	at org.eclipse.swt.widgets.Display.sendEvent(Display.java:4353)
	at org.eclipse.swt.widgets.Widget.sendEvent(Widget.java:1061)
	at org.eclipse.swt.widgets.Display.runDeferredEvents(Display.java:4172)
	at org.eclipse.swt.widgets.Display.readAndDispatch(Display.java:3761)
	at org.eclipse.e4.ui.internal.workbench.swt.PartRenderingEngine$9.run(PartRenderingEngine.java:1151)
	at org.eclipse.core.databinding.observable.Realm.runWithDefault(Realm.java:332)
	at org.eclipse.e4.ui.internal.workbench.swt.PartRenderingEngine.run(PartRenderingEngine.java:1032)
	at org.eclipse.e4.ui.internal.workbench.E4Workbench.createAndRunUI(E4Workbench.java:148)
	at org.eclipse.ui.internal.Workbench$5.run(Workbench.java:636)
	at org.eclipse.core.databinding.observable.Realm.runWithDefault(Realm.java:332)
	at org.eclipse.ui.internal.Workbench.createAndRunWorkbench(Workbench.java:579)
	at org.eclipse.ui.PlatformUI.createAndRunWorkbench(PlatformUI.java:150)
	at org.eclipse.ui.internal.ide.application.IDEApplication.start(IDEApplication.java:135)
	at org.eclipse.equinox.internal.app.EclipseAppHandle.run(EclipseAppHandle.java:196)
	at org.eclipse.core.runtime.internal.adaptor.EclipseAppLauncher.runApplication(EclipseAppLauncher.java:134)
	at org.eclipse.core.runtime.internal.adaptor.EclipseAppLauncher.start(EclipseAppLauncher.java:104)
	at org.eclipse.core.runtime.adaptor.EclipseStarter.run(EclipseStarter.java:380)
	at org.eclipse.core.runtime.adaptor.EclipseStarter.run(EclipseStarter.java:235)
	at sun.reflect.NativeMethodAccessorImpl.invoke0(Native Method)
	at sun.reflect.NativeMethodAccessorImpl.invoke(Unknown Source)
	at sun.reflect.DelegatingMethodAccessorImpl.invoke(Unknown Source)
	at java.lang.reflect.Method.invoke(Unknown Source)
	at org.eclipse.equinox.launcher.Main.invokeFramework(Main.java:648)
	at org.eclipse.equinox.launcher.Main.basicRun(Main.java:603)
	at org.eclipse.equinox.launcher.Main.run(Main.java:1465)

!ENTRY org.eclipse.ui 4 0 2014-10-10 22:29:29.356
!MESSAGE Unhandled event loop exception
!STACK 0
java.lang.NullPointerException
	at org.testng.eclipse.util.LaunchUtil.createConfName(LaunchUtil.java:409)
	at org.testng.eclipse.util.LaunchUtil.launchCompilationUnitConfiguration(LaunchUtil.java:399)
	at org.testng.eclipse.launch.TestNGLaunchShortcut.run(TestNGLaunchShortcut.java:189)
	at org.testng.eclipse.launch.TestNGLaunchShortcut.launch(TestNGLaunchShortcut.java:136)
	at org.eclipse.debug.internal.ui.launchConfigurations.LaunchShortcutExtension.launch(LaunchShortcutExtension.java:420)
	at org.eclipse.debug.internal.ui.contextlaunching.ContextRunner.launchShortcut(ContextRunner.java:204)
	at org.eclipse.debug.internal.ui.contextlaunching.ContextRunner.selectAndLaunch(ContextRunner.java:137)
	at org.eclipse.debug.internal.ui.contextlaunching.ContextRunner.launch(ContextRunner.java:81)
	at org.eclipse.debug.ui.actions.AbstractLaunchToolbarAction.run(AbstractLaunchToolbarAction.java:82)
	at org.eclipse.debug.ui.actions.AbstractLaunchHistoryAction.runWithEvent(AbstractLaunchHistoryAction.java:420)
	at org.eclipse.ui.internal.PluginAction.runWithEvent(PluginAction.java:243)
	at org.eclipse.ui.internal.WWinPluginAction.runWithEvent(WWinPluginAction.java:237)
	at org.eclipse.jface.action.ActionContributionItem.handleWidgetSelection(ActionContributionItem.java:595)
	at org.eclipse.jface.action.ActionContributionItem.access$2(ActionContributionItem.java:511)
	at org.eclipse.jface.action.ActionContributionItem$6.handleEvent(ActionContributionItem.java:462)
	at org.eclipse.swt.widgets.EventTable.sendEvent(EventTable.java:84)
	at org.eclipse.swt.widgets.Display.sendEvent(Display.java:4353)
	at org.eclipse.swt.widgets.Widget.sendEvent(Widget.java:1061)
	at org.eclipse.swt.widgets.Display.runDeferredEvents(Display.java:4172)
	at org.eclipse.swt.widgets.Display.readAndDispatch(Display.java:3761)
	at org.eclipse.e4.ui.internal.workbench.swt.PartRenderingEngine$9.run(PartRenderingEngine.java:1151)
	at org.eclipse.core.databinding.observable.Realm.runWithDefault(Realm.java:332)
	at org.eclipse.e4.ui.internal.workbench.swt.PartRenderingEngine.run(PartRenderingEngine.java:1032)
	at org.eclipse.e4.ui.internal.workbench.E4Workbench.createAndRunUI(E4Workbench.java:148)
	at org.eclipse.ui.internal.Workbench$5.run(Workbench.java:636)
	at org.eclipse.core.databinding.observable.Realm.runWithDefault(Realm.java:332)
	at org.eclipse.ui.internal.Workbench.createAndRunWorkbench(Workbench.java:579)
	at org.eclipse.ui.PlatformUI.createAndRunWorkbench(PlatformUI.java:150)
	at org.eclipse.ui.internal.ide.application.IDEApplication.start(IDEApplication.java:135)
	at org.eclipse.equinox.internal.app.EclipseAppHandle.run(EclipseAppHandle.java:196)
	at org.eclipse.core.runtime.internal.adaptor.EclipseAppLauncher.runApplication(EclipseAppLauncher.java:134)
	at org.eclipse.core.runtime.internal.adaptor.EclipseAppLauncher.start(EclipseAppLauncher.java:104)
	at org.eclipse.core.runtime.adaptor.EclipseStarter.run(EclipseStarter.java:380)
	at org.eclipse.core.runtime.adaptor.EclipseStarter.run(EclipseStarter.java:235)
	at sun.reflect.NativeMethodAccessorImpl.invoke0(Native Method)
	at sun.reflect.NativeMethodAccessorImpl.invoke(Unknown Source)
	at sun.reflect.DelegatingMethodAccessorImpl.invoke(Unknown Source)
	at java.lang.reflect.Method.invoke(Unknown Source)
	at org.eclipse.equinox.launcher.Main.invokeFramework(Main.java:648)
	at org.eclipse.equinox.launcher.Main.basicRun(Main.java:603)
	at org.eclipse.equinox.launcher.Main.run(Main.java:1465)

!ENTRY org.eclipse.ui 4 0 2014-10-10 22:29:59.017
!MESSAGE Unhandled event loop exception
!STACK 0
java.lang.NullPointerException
	at org.testng.eclipse.util.LaunchUtil.createConfName(LaunchUtil.java:409)
	at org.testng.eclipse.util.LaunchUtil.launchCompilationUnitConfiguration(LaunchUtil.java:399)
	at org.testng.eclipse.launch.TestNGLaunchShortcut.run(TestNGLaunchShortcut.java:189)
	at org.testng.eclipse.launch.TestNGLaunchShortcut.launch(TestNGLaunchShortcut.java:136)
	at org.eclipse.debug.internal.ui.launchConfigurations.LaunchShortcutExtension.launch(LaunchShortcutExtension.java:420)
	at org.eclipse.debug.internal.ui.contextlaunching.ContextRunner.launchShortcut(ContextRunner.java:204)
	at org.eclipse.debug.internal.ui.contextlaunching.ContextRunner.selectAndLaunch(ContextRunner.java:137)
	at org.eclipse.debug.internal.ui.contextlaunching.ContextRunner.launch(ContextRunner.java:81)
	at org.eclipse.debug.ui.actions.AbstractLaunchToolbarAction.run(AbstractLaunchToolbarAction.java:82)
	at org.eclipse.debug.ui.actions.AbstractLaunchHistoryAction.runWithEvent(AbstractLaunchHistoryAction.java:420)
	at org.eclipse.ui.internal.PluginAction.runWithEvent(PluginAction.java:243)
	at org.eclipse.ui.internal.WWinPluginAction.runWithEvent(WWinPluginAction.java:237)
	at org.eclipse.jface.action.ActionContributionItem.handleWidgetSelection(ActionContributionItem.java:595)
	at org.eclipse.jface.action.ActionContributionItem.access$2(ActionContributionItem.java:511)
	at org.eclipse.jface.action.ActionContributionItem$6.handleEvent(ActionContributionItem.java:462)
	at org.eclipse.swt.widgets.EventTable.sendEvent(EventTable.java:84)
	at org.eclipse.swt.widgets.Display.sendEvent(Display.java:4353)
	at org.eclipse.swt.widgets.Widget.sendEvent(Widget.java:1061)
	at org.eclipse.swt.widgets.Display.runDeferredEvents(Display.java:4172)
	at org.eclipse.swt.widgets.Display.readAndDispatch(Display.java:3761)
	at org.eclipse.e4.ui.internal.workbench.swt.PartRenderingEngine$9.run(PartRenderingEngine.java:1151)
	at org.eclipse.core.databinding.observable.Realm.runWithDefault(Realm.java:332)
	at org.eclipse.e4.ui.internal.workbench.swt.PartRenderingEngine.run(PartRenderingEngine.java:1032)
	at org.eclipse.e4.ui.internal.workbench.E4Workbench.createAndRunUI(E4Workbench.java:148)
	at org.eclipse.ui.internal.Workbench$5.run(Workbench.java:636)
	at org.eclipse.core.databinding.observable.Realm.runWithDefault(Realm.java:332)
	at org.eclipse.ui.internal.Workbench.createAndRunWorkbench(Workbench.java:579)
	at org.eclipse.ui.PlatformUI.createAndRunWorkbench(PlatformUI.java:150)
	at org.eclipse.ui.internal.ide.application.IDEApplication.start(IDEApplication.java:135)
	at org.eclipse.equinox.internal.app.EclipseAppHandle.run(EclipseAppHandle.java:196)
	at org.eclipse.core.runtime.internal.adaptor.EclipseAppLauncher.runApplication(EclipseAppLauncher.java:134)
	at org.eclipse.core.runtime.internal.adaptor.EclipseAppLauncher.start(EclipseAppLauncher.java:104)
	at org.eclipse.core.runtime.adaptor.EclipseStarter.run(EclipseStarter.java:380)
	at org.eclipse.core.runtime.adaptor.EclipseStarter.run(EclipseStarter.java:235)
	at sun.reflect.NativeMethodAccessorImpl.invoke0(Native Method)
	at sun.reflect.NativeMethodAccessorImpl.invoke(Unknown Source)
	at sun.reflect.DelegatingMethodAccessorImpl.invoke(Unknown Source)
	at java.lang.reflect.Method.invoke(Unknown Source)
	at org.eclipse.equinox.launcher.Main.invokeFramework(Main.java:648)
	at org.eclipse.equinox.launcher.Main.basicRun(Main.java:603)
	at org.eclipse.equinox.launcher.Main.run(Main.java:1465)

!ENTRY org.eclipse.jface 2 0 2014-10-10 22:30:34.844
!MESSAGE Keybinding conflicts occurred.  They may interfere with normal accelerator operation.
!SUBENTRY 1 org.eclipse.jface 2 0 2014-10-10 22:30:34.844
!MESSAGE A conflict occurred for ALT+SHIFT+ARROW_DOWN:
Binding(ALT+SHIFT+ARROW_DOWN,
	ParameterizedCommand(Command(org.eclipse.jdt.ui.edit.text.java.select.last,Restore Last Selection,
		Restore last selection,
		Category(org.eclipse.ui.category.edit,Edit,null,true),
		org.eclipse.ui.internal.WorkbenchHandlerServiceHandler@3e6fc495,
		,,true),null),
	org.eclipse.ui.defaultAcceleratorConfiguration,
	org.eclipse.jdt.ui.javaEditorScope,,,system)
Binding(ALT+SHIFT+ARROW_DOWN,
	ParameterizedCommand(Command(org.eclipse.mylyn.tasks.ui.command.markTaskReadGoToNextUnread,Mark Task Read and Go To Next Unread Task,
		,
		Category(org.eclipse.mylyn.tasks.ui.commands,Task Repositories,null,true),
		org.eclipse.ui.internal.WorkbenchHandlerServiceHandler@57e929c0,
		,,true),null),
	org.eclipse.ui.defaultAcceleratorConfiguration,
	org.eclipse.mylyn.tasks.ui.views.tasks,,,system)
!SUBENTRY 1 org.eclipse.jface 2 0 2014-10-10 22:30:34.844
!MESSAGE A conflict occurred for ALT+ARROW_DOWN:
Binding(ALT+ARROW_DOWN,
	ParameterizedCommand(Command(org.eclipse.mylyn.tasks.ui.command.goToNextUnread,Go To Next Unread Task,
		,
		Category(org.eclipse.ui.category.navigate,Navigate,null,true),
		org.eclipse.ui.internal.WorkbenchHandlerServiceHandler@4cd90c36,
		,,true),null),
	org.eclipse.ui.defaultAcceleratorConfiguration,
	org.eclipse.mylyn.tasks.ui.views.tasks,,,system)
Binding(ALT+ARROW_DOWN,
	ParameterizedCommand(Command(org.eclipse.ui.edit.text.moveLineDown,Move Lines Down,
		Moves the selected lines down,
		Category(org.eclipse.ui.category.textEditor,Text Editing,Text Editing Commands,true),
		org.eclipse.ui.internal.WorkbenchHandlerServiceHandler@75292204,
		,,true),null),
	org.eclipse.ui.defaultAcceleratorConfiguration,
	org.eclipse.ui.textEditorScope,,,system)
!SUBENTRY 1 org.eclipse.jface 2 0 2014-10-10 22:30:34.844
!MESSAGE A conflict occurred for ALT+SHIFT+ARROW_UP:
Binding(ALT+SHIFT+ARROW_UP,
	ParameterizedCommand(Command(org.eclipse.jdt.ui.edit.text.java.select.enclosing,Select Enclosing Element,
		Expand selection to include enclosing element,
		Category(org.eclipse.ui.category.edit,Edit,null,true),
		org.eclipse.ui.internal.WorkbenchHandlerServiceHandler@7b824ddc,
		,,true),null),
	org.eclipse.ui.defaultAcceleratorConfiguration,
	org.eclipse.jdt.ui.javaEditorScope,,,system)
Binding(ALT+SHIFT+ARROW_UP,
	ParameterizedCommand(Command(org.eclipse.mylyn.tasks.ui.command.markTaskReadGoToPreviousUnread,Mark Task Read and Go To Previous Unread Task,
		,
		Category(org.eclipse.mylyn.tasks.ui.commands,Task Repositories,null,true),
		org.eclipse.ui.internal.WorkbenchHandlerServiceHandler@3b896555,
		,,true),null),
	org.eclipse.ui.defaultAcceleratorConfiguration,
	org.eclipse.mylyn.tasks.ui.views.tasks,,,system)
!SUBENTRY 1 org.eclipse.jface 2 0 2014-10-10 22:30:34.846
!MESSAGE A conflict occurred for INSERT:
Binding(INSERT,
	ParameterizedCommand(Command(org.eclipse.mylyn.tasks.ui.command.new.local.task,New Local Task,
		,
		Category(org.eclipse.mylyn.tasks.ui.commands,Task Repositories,null,true),
		org.eclipse.ui.internal.WorkbenchHandlerServiceHandler@25b0eccd,
		,,true),null),
	org.eclipse.ui.defaultAcceleratorConfiguration,
	org.eclipse.mylyn.tasks.ui.views.tasks,,,system)
Binding(INSERT,
	ParameterizedCommand(Command(org.eclipse.ui.edit.text.toggleOverwrite,Toggle Overwrite,
		Toggle overwrite mode,
		Category(org.eclipse.ui.category.textEditor,Text Editing,Text Editing Commands,true),
		org.eclipse.ui.internal.WorkbenchHandlerServiceHandler@1935c37d,
		,,true),null),
	org.eclipse.ui.defaultAcceleratorConfiguration,
	org.eclipse.ui.textEditorScope,,,system)
!SUBENTRY 1 org.eclipse.jface 2 0 2014-10-10 22:30:34.846
!MESSAGE A conflict occurred for ALT+SHIFT+U:
Binding(ALT+SHIFT+U,
	ParameterizedCommand(Command(org.eclipse.jdt.ui.edit.text.remove.occurrence.annotations,Remove Occurrence Annotations,
		Removes the occurrence annotations from the current editor,
		Category(org.eclipse.jdt.ui.category.source,Source,Java Source Actions,true),
		org.eclipse.ui.internal.WorkbenchHandlerServiceHandler@70b0812a,
		,,true),null),
	org.eclipse.ui.defaultAcceleratorConfiguration,
	org.eclipse.jdt.ui.javaEditorScope,,,system)
Binding(ALT+SHIFT+U,
	ParameterizedCommand(Command(org.eclipse.mylyn.tasks.ui.command.markTaskUnread,Mark Task Unread,
		,
		Category(org.eclipse.mylyn.tasks.ui.commands,Task Repositories,null,true),
		org.eclipse.ui.internal.WorkbenchHandlerServiceHandler@63e1a4,
		,,true),null),
	org.eclipse.ui.defaultAcceleratorConfiguration,
	org.eclipse.mylyn.tasks.ui.views.tasks,,,system)
!SUBENTRY 1 org.eclipse.jface 2 0 2014-10-10 22:30:34.846
!MESSAGE A conflict occurred for ALT+ARROW_UP:
Binding(ALT+ARROW_UP,
	ParameterizedCommand(Command(org.eclipse.mylyn.tasks.ui.command.goToPreviousUnread,Go To Previous Unread Task,
		,
		Category(org.eclipse.ui.category.navigate,Navigate,null,true),
		org.eclipse.ui.internal.WorkbenchHandlerServiceHandler@3e2578ea,
		,,true),null),
	org.eclipse.ui.defaultAcceleratorConfiguration,
	org.eclipse.mylyn.tasks.ui.views.tasks,,,system)
Binding(ALT+ARROW_UP,
	ParameterizedCommand(Command(org.eclipse.ui.edit.text.moveLineUp,Move Lines Up,
		Moves the selected lines up,
		Category(org.eclipse.ui.category.textEditor,Text Editing,Text Editing Commands,true),
		org.eclipse.ui.internal.WorkbenchHandlerServiceHandler@2297b3e1,
		,,true),null),
	org.eclipse.ui.defaultAcceleratorConfiguration,
	org.eclipse.ui.textEditorScope,,,system)

!ENTRY org.eclipse.jdt.ui 4 2 2014-10-10 22:30:37.651
!MESSAGE Problems occurred when invoking code from plug-in: "org.eclipse.jdt.ui".
!STACK 0
java.lang.NullPointerException
	at org.testng.eclipse.refactoring.TestNGVisitor.visit(TestNGVisitor.java:49)
	at org.eclipse.jdt.core.dom.MethodDeclaration.accept0(MethodDeclaration.java:611)
	at org.eclipse.jdt.core.dom.ASTNode.accept(ASTNode.java:2711)
	at org.eclipse.jdt.core.dom.ASTNode.acceptChildren(ASTNode.java:2782)
	at org.eclipse.jdt.core.dom.TypeDeclaration.accept0(TypeDeclaration.java:470)
	at org.eclipse.jdt.core.dom.ASTNode.accept(ASTNode.java:2711)
	at org.eclipse.jdt.core.dom.ASTNode.acceptChildren(ASTNode.java:2782)
	at org.eclipse.jdt.core.dom.CompilationUnit.accept0(CompilationUnit.java:212)
	at org.eclipse.jdt.core.dom.ASTNode.accept(ASTNode.java:2711)
	at org.testng.eclipse.refactoring.TestNGQuickAssistProcessor.init(TestNGQuickAssistProcessor.java:65)
	at org.testng.eclipse.refactoring.TestNGQuickAssistProcessor.getAssists(TestNGQuickAssistProcessor.java:81)
	at org.eclipse.jdt.internal.ui.text.correction.JavaCorrectionProcessor$SafeAssistCollector.safeRun(JavaCorrectionProcessor.java:403)
	at org.eclipse.jdt.internal.ui.text.correction.JavaCorrectionProcessor$SafeCorrectionProcessorAccess.run(JavaCorrectionProcessor.java:339)
	at org.eclipse.core.runtime.SafeRunner.run(SafeRunner.java:42)
	at org.eclipse.jdt.internal.ui.text.correction.JavaCorrectionProcessor$SafeCorrectionProcessorAccess.process(JavaCorrectionProcessor.java:329)
	at org.eclipse.jdt.internal.ui.text.correction.JavaCorrectionProcessor.collectAssists(JavaCorrectionProcessor.java:509)
	at org.eclipse.jdt.internal.ui.text.correction.JavaCorrectionProcessor.collectProposals(JavaCorrectionProcessor.java:287)
	at org.eclipse.jdt.internal.ui.text.correction.JavaCorrectionProcessor.computeQuickAssistProposals(JavaCorrectionProcessor.java:242)
	at org.eclipse.jface.text.quickassist.QuickAssistAssistant$ContentAssistProcessor.computeCompletionProposals(QuickAssistAssistant.java:75)
	at org.eclipse.jface.text.contentassist.ContentAssistant.computeCompletionProposals(ContentAssistant.java:1861)
	at org.eclipse.jface.text.contentassist.CompletionProposalPopup.computeProposals(CompletionProposalPopup.java:573)
	at org.eclipse.jface.text.contentassist.CompletionProposalPopup.access$16(CompletionProposalPopup.java:570)
	at org.eclipse.jface.text.contentassist.CompletionProposalPopup$2.run(CompletionProposalPopup.java:505)
	at org.eclipse.swt.custom.BusyIndicator.showWhile(BusyIndicator.java:70)
	at org.eclipse.jface.text.contentassist.CompletionProposalPopup.showProposals(CompletionProposalPopup.java:499)
	at org.eclipse.jface.text.contentassist.ContentAssistant.showPossibleCompletions(ContentAssistant.java:1687)
	at org.eclipse.jface.text.quickassist.QuickAssistAssistant.showPossibleQuickAssists(QuickAssistAssistant.java:128)
	at org.eclipse.jdt.internal.ui.text.correction.JavaCorrectionAssistant.showPossibleQuickAssists(JavaCorrectionAssistant.java:193)
	at org.eclipse.jdt.internal.ui.javaeditor.CompilationUnitEditor$AdaptedSourceViewer.doOperation(CompilationUnitEditor.java:195)
	at org.eclipse.jdt.internal.ui.javaeditor.JavaSelectAnnotationRulerAction.runWithEvent(JavaSelectAnnotationRulerAction.java:98)
	at org.eclipse.ui.texteditor.AbstractRulerActionDelegate.runWithEvent(AbstractRulerActionDelegate.java:112)
	at org.eclipse.ui.internal.handlers.ActionDelegateHandlerProxy.execute(ActionDelegateHandlerProxy.java:291)
	at org.eclipse.core.commands.Command.executeWithChecks(Command.java:499)
	at org.eclipse.core.commands.ParameterizedCommand.executeWithChecks(ParameterizedCommand.java:508)
	at org.eclipse.ui.actions.ContributedAction.runWithEvent(ContributedAction.java:192)
	at org.eclipse.ui.texteditor.AbstractTextEditor$14.triggerAction(AbstractTextEditor.java:3082)
	at org.eclipse.ui.texteditor.AbstractTextEditor$14.access$1(AbstractTextEditor.java:3065)
	at org.eclipse.ui.texteditor.AbstractTextEditor$15.run(AbstractTextEditor.java:3096)
	at org.eclipse.swt.widgets.Display.runTimer(Display.java:4273)
	at org.eclipse.swt.widgets.Display.messageProc(Display.java:3360)
	at org.eclipse.swt.internal.win32.OS.DispatchMessageW(Native Method)
	at org.eclipse.swt.internal.win32.OS.DispatchMessage(OS.java:2549)
	at org.eclipse.swt.widgets.Display.readAndDispatch(Display.java:3759)
	at org.eclipse.e4.ui.internal.workbench.swt.PartRenderingEngine$9.run(PartRenderingEngine.java:1151)
	at org.eclipse.core.databinding.observable.Realm.runWithDefault(Realm.java:332)
	at org.eclipse.e4.ui.internal.workbench.swt.PartRenderingEngine.run(PartRenderingEngine.java:1032)
	at org.eclipse.e4.ui.internal.workbench.E4Workbench.createAndRunUI(E4Workbench.java:148)
	at org.eclipse.ui.internal.Workbench$5.run(Workbench.java:636)
	at org.eclipse.core.databinding.observable.Realm.runWithDefault(Realm.java:332)
	at org.eclipse.ui.internal.Workbench.createAndRunWorkbench(Workbench.java:579)
	at org.eclipse.ui.PlatformUI.createAndRunWorkbench(PlatformUI.java:150)
	at org.eclipse.ui.internal.ide.application.IDEApplication.start(IDEApplication.java:135)
	at org.eclipse.equinox.internal.app.EclipseAppHandle.run(EclipseAppHandle.java:196)
	at org.eclipse.core.runtime.internal.adaptor.EclipseAppLauncher.runApplication(EclipseAppLauncher.java:134)
	at org.eclipse.core.runtime.internal.adaptor.EclipseAppLauncher.start(EclipseAppLauncher.java:104)
	at org.eclipse.core.runtime.adaptor.EclipseStarter.run(EclipseStarter.java:380)
	at org.eclipse.core.runtime.adaptor.EclipseStarter.run(EclipseStarter.java:235)
	at sun.reflect.NativeMethodAccessorImpl.invoke0(Native Method)
	at sun.reflect.NativeMethodAccessorImpl.invoke(Unknown Source)
	at sun.reflect.DelegatingMethodAccessorImpl.invoke(Unknown Source)
	at java.lang.reflect.Method.invoke(Unknown Source)
	at org.eclipse.equinox.launcher.Main.invokeFramework(Main.java:648)
	at org.eclipse.equinox.launcher.Main.basicRun(Main.java:603)
	at org.eclipse.equinox.launcher.Main.run(Main.java:1465)

!ENTRY org.eclipse.jdt.ui 4 4 2014-10-10 22:30:37.699
!MESSAGE An error occurred while computing quick assists. Check log for details.
!SUBENTRY 1 org.eclipse.jdt.ui 4 0 2014-10-10 22:30:37.699
!MESSAGE Exception while processing quick fixes or quick assists
!SUBENTRY 2 org.eclipse.jdt.ui 4 4 2014-10-10 22:30:37.699
!MESSAGE Exception while processing quick fixes or quick assists
!STACK 0
java.lang.NullPointerException
	at org.testng.eclipse.refactoring.TestNGVisitor.visit(TestNGVisitor.java:49)
	at org.eclipse.jdt.core.dom.MethodDeclaration.accept0(MethodDeclaration.java:611)
	at org.eclipse.jdt.core.dom.ASTNode.accept(ASTNode.java:2711)
	at org.eclipse.jdt.core.dom.ASTNode.acceptChildren(ASTNode.java:2782)
	at org.eclipse.jdt.core.dom.TypeDeclaration.accept0(TypeDeclaration.java:470)
	at org.eclipse.jdt.core.dom.ASTNode.accept(ASTNode.java:2711)
	at org.eclipse.jdt.core.dom.ASTNode.acceptChildren(ASTNode.java:2782)
	at org.eclipse.jdt.core.dom.CompilationUnit.accept0(CompilationUnit.java:212)
	at org.eclipse.jdt.core.dom.ASTNode.accept(ASTNode.java:2711)
	at org.testng.eclipse.refactoring.TestNGQuickAssistProcessor.init(TestNGQuickAssistProcessor.java:65)
	at org.testng.eclipse.refactoring.TestNGQuickAssistProcessor.getAssists(TestNGQuickAssistProcessor.java:81)
	at org.eclipse.jdt.internal.ui.text.correction.JavaCorrectionProcessor$SafeAssistCollector.safeRun(JavaCorrectionProcessor.java:403)
	at org.eclipse.jdt.internal.ui.text.correction.JavaCorrectionProcessor$SafeCorrectionProcessorAccess.run(JavaCorrectionProcessor.java:339)
	at org.eclipse.core.runtime.SafeRunner.run(SafeRunner.java:42)
	at org.eclipse.jdt.internal.ui.text.correction.JavaCorrectionProcessor$SafeCorrectionProcessorAccess.process(JavaCorrectionProcessor.java:329)
	at org.eclipse.jdt.internal.ui.text.correction.JavaCorrectionProcessor.collectAssists(JavaCorrectionProcessor.java:509)
	at org.eclipse.jdt.internal.ui.text.correction.JavaCorrectionProcessor.collectProposals(JavaCorrectionProcessor.java:287)
	at org.eclipse.jdt.internal.ui.text.correction.JavaCorrectionProcessor.computeQuickAssistProposals(JavaCorrectionProcessor.java:242)
	at org.eclipse.jface.text.quickassist.QuickAssistAssistant$ContentAssistProcessor.computeCompletionProposals(QuickAssistAssistant.java:75)
	at org.eclipse.jface.text.contentassist.ContentAssistant.computeCompletionProposals(ContentAssistant.java:1861)
	at org.eclipse.jface.text.contentassist.CompletionProposalPopup.computeProposals(CompletionProposalPopup.java:573)
	at org.eclipse.jface.text.contentassist.CompletionProposalPopup.access$16(CompletionProposalPopup.java:570)
	at org.eclipse.jface.text.contentassist.CompletionProposalPopup$2.run(CompletionProposalPopup.java:505)
	at org.eclipse.swt.custom.BusyIndicator.showWhile(BusyIndicator.java:70)
	at org.eclipse.jface.text.contentassist.CompletionProposalPopup.showProposals(CompletionProposalPopup.java:499)
	at org.eclipse.jface.text.contentassist.ContentAssistant.showPossibleCompletions(ContentAssistant.java:1687)
	at org.eclipse.jface.text.quickassist.QuickAssistAssistant.showPossibleQuickAssists(QuickAssistAssistant.java:128)
	at org.eclipse.jdt.internal.ui.text.correction.JavaCorrectionAssistant.showPossibleQuickAssists(JavaCorrectionAssistant.java:193)
	at org.eclipse.jdt.internal.ui.javaeditor.CompilationUnitEditor$AdaptedSourceViewer.doOperation(CompilationUnitEditor.java:195)
	at org.eclipse.jdt.internal.ui.javaeditor.JavaSelectAnnotationRulerAction.runWithEvent(JavaSelectAnnotationRulerAction.java:98)
	at org.eclipse.ui.texteditor.AbstractRulerActionDelegate.runWithEvent(AbstractRulerActionDelegate.java:112)
	at org.eclipse.ui.internal.handlers.ActionDelegateHandlerProxy.execute(ActionDelegateHandlerProxy.java:291)
	at org.eclipse.core.commands.Command.executeWithChecks(Command.java:499)
	at org.eclipse.core.commands.ParameterizedCommand.executeWithChecks(ParameterizedCommand.java:508)
	at org.eclipse.ui.actions.ContributedAction.runWithEvent(ContributedAction.java:192)
	at org.eclipse.ui.texteditor.AbstractTextEditor$14.triggerAction(AbstractTextEditor.java:3082)
	at org.eclipse.ui.texteditor.AbstractTextEditor$14.access$1(AbstractTextEditor.java:3065)
	at org.eclipse.ui.texteditor.AbstractTextEditor$15.run(AbstractTextEditor.java:3096)
	at org.eclipse.swt.widgets.Display.runTimer(Display.java:4273)
	at org.eclipse.swt.widgets.Display.messageProc(Display.java:3360)
	at org.eclipse.swt.internal.win32.OS.DispatchMessageW(Native Method)
	at org.eclipse.swt.internal.win32.OS.DispatchMessage(OS.java:2549)
	at org.eclipse.swt.widgets.Display.readAndDispatch(Display.java:3759)
	at org.eclipse.e4.ui.internal.workbench.swt.PartRenderingEngine$9.run(PartRenderingEngine.java:1151)
	at org.eclipse.core.databinding.observable.Realm.runWithDefault(Realm.java:332)
	at org.eclipse.e4.ui.internal.workbench.swt.PartRenderingEngine.run(PartRenderingEngine.java:1032)
	at org.eclipse.e4.ui.internal.workbench.E4Workbench.createAndRunUI(E4Workbench.java:148)
	at org.eclipse.ui.internal.Workbench$5.run(Workbench.java:636)
	at org.eclipse.core.databinding.observable.Realm.runWithDefault(Realm.java:332)
	at org.eclipse.ui.internal.Workbench.createAndRunWorkbench(Workbench.java:579)
	at org.eclipse.ui.PlatformUI.createAndRunWorkbench(PlatformUI.java:150)
	at org.eclipse.ui.internal.ide.application.IDEApplication.start(IDEApplication.java:135)
	at org.eclipse.equinox.internal.app.EclipseAppHandle.run(EclipseAppHandle.java:196)
	at org.eclipse.core.runtime.internal.adaptor.EclipseAppLauncher.runApplication(EclipseAppLauncher.java:134)
	at org.eclipse.core.runtime.internal.adaptor.EclipseAppLauncher.start(EclipseAppLauncher.java:104)
	at org.eclipse.core.runtime.adaptor.EclipseStarter.run(EclipseStarter.java:380)
	at org.eclipse.core.runtime.adaptor.EclipseStarter.run(EclipseStarter.java:235)
	at sun.reflect.NativeMethodAccessorImpl.invoke0(Native Method)
	at sun.reflect.NativeMethodAccessorImpl.invoke(Unknown Source)
	at sun.reflect.DelegatingMethodAccessorImpl.invoke(Unknown Source)
	at java.lang.reflect.Method.invoke(Unknown Source)
	at org.eclipse.equinox.launcher.Main.invokeFramework(Main.java:648)
	at org.eclipse.equinox.launcher.Main.basicRun(Main.java:603)
	at org.eclipse.equinox.launcher.Main.run(Main.java:1465)

!ENTRY org.eclipse.jdt.ui 4 2 2014-10-10 22:31:44.168
!MESSAGE Problems occurred when invoking code from plug-in: "org.eclipse.jdt.ui".
!STACK 0
java.lang.NullPointerException
	at org.testng.eclipse.refactoring.TestNGVisitor.visit(TestNGVisitor.java:49)
	at org.eclipse.jdt.core.dom.MethodDeclaration.accept0(MethodDeclaration.java:611)
	at org.eclipse.jdt.core.dom.ASTNode.accept(ASTNode.java:2711)
	at org.eclipse.jdt.core.dom.ASTNode.acceptChildren(ASTNode.java:2782)
	at org.eclipse.jdt.core.dom.TypeDeclaration.accept0(TypeDeclaration.java:470)
	at org.eclipse.jdt.core.dom.ASTNode.accept(ASTNode.java:2711)
	at org.eclipse.jdt.core.dom.ASTNode.acceptChildren(ASTNode.java:2782)
	at org.eclipse.jdt.core.dom.CompilationUnit.accept0(CompilationUnit.java:212)
	at org.eclipse.jdt.core.dom.ASTNode.accept(ASTNode.java:2711)
	at org.testng.eclipse.refactoring.TestNGQuickAssistProcessor.init(TestNGQuickAssistProcessor.java:65)
	at org.testng.eclipse.refactoring.TestNGQuickAssistProcessor.getAssists(TestNGQuickAssistProcessor.java:81)
	at org.eclipse.jdt.internal.ui.text.correction.JavaCorrectionProcessor$SafeAssistCollector.safeRun(JavaCorrectionProcessor.java:403)
	at org.eclipse.jdt.internal.ui.text.correction.JavaCorrectionProcessor$SafeCorrectionProcessorAccess.run(JavaCorrectionProcessor.java:339)
	at org.eclipse.core.runtime.SafeRunner.run(SafeRunner.java:42)
	at org.eclipse.jdt.internal.ui.text.correction.JavaCorrectionProcessor$SafeCorrectionProcessorAccess.process(JavaCorrectionProcessor.java:329)
	at org.eclipse.jdt.internal.ui.text.correction.JavaCorrectionProcessor.collectAssists(JavaCorrectionProcessor.java:509)
	at org.eclipse.jdt.internal.ui.text.correction.JavaCorrectionProcessor.collectProposals(JavaCorrectionProcessor.java:287)
	at org.eclipse.jdt.internal.ui.text.correction.JavaCorrectionProcessor.computeQuickAssistProposals(JavaCorrectionProcessor.java:242)
	at org.eclipse.jface.text.quickassist.QuickAssistAssistant$ContentAssistProcessor.computeCompletionProposals(QuickAssistAssistant.java:75)
	at org.eclipse.jface.text.contentassist.ContentAssistant.computeCompletionProposals(ContentAssistant.java:1861)
	at org.eclipse.jface.text.contentassist.CompletionProposalPopup.computeProposals(CompletionProposalPopup.java:573)
	at org.eclipse.jface.text.contentassist.CompletionProposalPopup.access$16(CompletionProposalPopup.java:570)
	at org.eclipse.jface.text.contentassist.CompletionProposalPopup$2.run(CompletionProposalPopup.java:505)
	at org.eclipse.swt.custom.BusyIndicator.showWhile(BusyIndicator.java:70)
	at org.eclipse.jface.text.contentassist.CompletionProposalPopup.showProposals(CompletionProposalPopup.java:499)
	at org.eclipse.jface.text.contentassist.ContentAssistant.showPossibleCompletions(ContentAssistant.java:1687)
	at org.eclipse.jface.text.quickassist.QuickAssistAssistant.showPossibleQuickAssists(QuickAssistAssistant.java:128)
	at org.eclipse.jdt.internal.ui.text.correction.JavaCorrectionAssistant.showPossibleQuickAssists(JavaCorrectionAssistant.java:193)
	at org.eclipse.jdt.internal.ui.javaeditor.CompilationUnitEditor$AdaptedSourceViewer.doOperation(CompilationUnitEditor.java:195)
	at org.eclipse.jdt.internal.ui.javaeditor.JavaSelectAnnotationRulerAction.runWithEvent(JavaSelectAnnotationRulerAction.java:98)
	at org.eclipse.ui.texteditor.AbstractRulerActionDelegate.runWithEvent(AbstractRulerActionDelegate.java:112)
	at org.eclipse.ui.internal.handlers.ActionDelegateHandlerProxy.execute(ActionDelegateHandlerProxy.java:291)
	at org.eclipse.core.commands.Command.executeWithChecks(Command.java:499)
	at org.eclipse.core.commands.ParameterizedCommand.executeWithChecks(ParameterizedCommand.java:508)
	at org.eclipse.ui.actions.ContributedAction.runWithEvent(ContributedAction.java:192)
	at org.eclipse.ui.texteditor.AbstractTextEditor$14.triggerAction(AbstractTextEditor.java:3082)
	at org.eclipse.ui.texteditor.AbstractTextEditor$14.access$1(AbstractTextEditor.java:3065)
	at org.eclipse.ui.texteditor.AbstractTextEditor$15.run(AbstractTextEditor.java:3096)
	at org.eclipse.swt.widgets.Display.runTimer(Display.java:4273)
	at org.eclipse.swt.widgets.Display.messageProc(Display.java:3360)
	at org.eclipse.swt.internal.win32.OS.DispatchMessageW(Native Method)
	at org.eclipse.swt.internal.win32.OS.DispatchMessage(OS.java:2549)
	at org.eclipse.swt.widgets.Display.readAndDispatch(Display.java:3759)
	at org.eclipse.e4.ui.internal.workbench.swt.PartRenderingEngine$9.run(PartRenderingEngine.java:1151)
	at org.eclipse.core.databinding.observable.Realm.runWithDefault(Realm.java:332)
	at org.eclipse.e4.ui.internal.workbench.swt.PartRenderingEngine.run(PartRenderingEngine.java:1032)
	at org.eclipse.e4.ui.internal.workbench.E4Workbench.createAndRunUI(E4Workbench.java:148)
	at org.eclipse.ui.internal.Workbench$5.run(Workbench.java:636)
	at org.eclipse.core.databinding.observable.Realm.runWithDefault(Realm.java:332)
	at org.eclipse.ui.internal.Workbench.createAndRunWorkbench(Workbench.java:579)
	at org.eclipse.ui.PlatformUI.createAndRunWorkbench(PlatformUI.java:150)
	at org.eclipse.ui.internal.ide.application.IDEApplication.start(IDEApplication.java:135)
	at org.eclipse.equinox.internal.app.EclipseAppHandle.run(EclipseAppHandle.java:196)
	at org.eclipse.core.runtime.internal.adaptor.EclipseAppLauncher.runApplication(EclipseAppLauncher.java:134)
	at org.eclipse.core.runtime.internal.adaptor.EclipseAppLauncher.start(EclipseAppLauncher.java:104)
	at org.eclipse.core.runtime.adaptor.EclipseStarter.run(EclipseStarter.java:380)
	at org.eclipse.core.runtime.adaptor.EclipseStarter.run(EclipseStarter.java:235)
	at sun.reflect.NativeMethodAccessorImpl.invoke0(Native Method)
	at sun.reflect.NativeMethodAccessorImpl.invoke(Unknown Source)
	at sun.reflect.DelegatingMethodAccessorImpl.invoke(Unknown Source)
	at java.lang.reflect.Method.invoke(Unknown Source)
	at org.eclipse.equinox.launcher.Main.invokeFramework(Main.java:648)
	at org.eclipse.equinox.launcher.Main.basicRun(Main.java:603)
	at org.eclipse.equinox.launcher.Main.run(Main.java:1465)

!ENTRY org.eclipse.jdt.ui 4 4 2014-10-10 22:31:44.173
!MESSAGE An error occurred while computing quick assists. Check log for details.
!SUBENTRY 1 org.eclipse.jdt.ui 4 0 2014-10-10 22:31:44.173
!MESSAGE Exception while processing quick fixes or quick assists
!SUBENTRY 2 org.eclipse.jdt.ui 4 4 2014-10-10 22:31:44.173
!MESSAGE Exception while processing quick fixes or quick assists
!STACK 0
java.lang.NullPointerException
	at org.testng.eclipse.refactoring.TestNGVisitor.visit(TestNGVisitor.java:49)
	at org.eclipse.jdt.core.dom.MethodDeclaration.accept0(MethodDeclaration.java:611)
	at org.eclipse.jdt.core.dom.ASTNode.accept(ASTNode.java:2711)
	at org.eclipse.jdt.core.dom.ASTNode.acceptChildren(ASTNode.java:2782)
	at org.eclipse.jdt.core.dom.TypeDeclaration.accept0(TypeDeclaration.java:470)
	at org.eclipse.jdt.core.dom.ASTNode.accept(ASTNode.java:2711)
	at org.eclipse.jdt.core.dom.ASTNode.acceptChildren(ASTNode.java:2782)
	at org.eclipse.jdt.core.dom.CompilationUnit.accept0(CompilationUnit.java:212)
	at org.eclipse.jdt.core.dom.ASTNode.accept(ASTNode.java:2711)
	at org.testng.eclipse.refactoring.TestNGQuickAssistProcessor.init(TestNGQuickAssistProcessor.java:65)
	at org.testng.eclipse.refactoring.TestNGQuickAssistProcessor.getAssists(TestNGQuickAssistProcessor.java:81)
	at org.eclipse.jdt.internal.ui.text.correction.JavaCorrectionProcessor$SafeAssistCollector.safeRun(JavaCorrectionProcessor.java:403)
	at org.eclipse.jdt.internal.ui.text.correction.JavaCorrectionProcessor$SafeCorrectionProcessorAccess.run(JavaCorrectionProcessor.java:339)
	at org.eclipse.core.runtime.SafeRunner.run(SafeRunner.java:42)
	at org.eclipse.jdt.internal.ui.text.correction.JavaCorrectionProcessor$SafeCorrectionProcessorAccess.process(JavaCorrectionProcessor.java:329)
	at org.eclipse.jdt.internal.ui.text.correction.JavaCorrectionProcessor.collectAssists(JavaCorrectionProcessor.java:509)
	at org.eclipse.jdt.internal.ui.text.correction.JavaCorrectionProcessor.collectProposals(JavaCorrectionProcessor.java:287)
	at org.eclipse.jdt.internal.ui.text.correction.JavaCorrectionProcessor.computeQuickAssistProposals(JavaCorrectionProcessor.java:242)
	at org.eclipse.jface.text.quickassist.QuickAssistAssistant$ContentAssistProcessor.computeCompletionProposals(QuickAssistAssistant.java:75)
	at org.eclipse.jface.text.contentassist.ContentAssistant.computeCompletionProposals(ContentAssistant.java:1861)
	at org.eclipse.jface.text.contentassist.CompletionProposalPopup.computeProposals(CompletionProposalPopup.java:573)
	at org.eclipse.jface.text.contentassist.CompletionProposalPopup.access$16(CompletionProposalPopup.java:570)
	at org.eclipse.jface.text.contentassist.CompletionProposalPopup$2.run(CompletionProposalPopup.java:505)
	at org.eclipse.swt.custom.BusyIndicator.showWhile(BusyIndicator.java:70)
	at org.eclipse.jface.text.contentassist.CompletionProposalPopup.showProposals(CompletionProposalPopup.java:499)
	at org.eclipse.jface.text.contentassist.ContentAssistant.showPossibleCompletions(ContentAssistant.java:1687)
	at org.eclipse.jface.text.quickassist.QuickAssistAssistant.showPossibleQuickAssists(QuickAssistAssistant.java:128)
	at org.eclipse.jdt.internal.ui.text.correction.JavaCorrectionAssistant.showPossibleQuickAssists(JavaCorrectionAssistant.java:193)
	at org.eclipse.jdt.internal.ui.javaeditor.CompilationUnitEditor$AdaptedSourceViewer.doOperation(CompilationUnitEditor.java:195)
	at org.eclipse.jdt.internal.ui.javaeditor.JavaSelectAnnotationRulerAction.runWithEvent(JavaSelectAnnotationRulerAction.java:98)
	at org.eclipse.ui.texteditor.AbstractRulerActionDelegate.runWithEvent(AbstractRulerActionDelegate.java:112)
	at org.eclipse.ui.internal.handlers.ActionDelegateHandlerProxy.execute(ActionDelegateHandlerProxy.java:291)
	at org.eclipse.core.commands.Command.executeWithChecks(Command.java:499)
	at org.eclipse.core.commands.ParameterizedCommand.executeWithChecks(ParameterizedCommand.java:508)
	at org.eclipse.ui.actions.ContributedAction.runWithEvent(ContributedAction.java:192)
	at org.eclipse.ui.texteditor.AbstractTextEditor$14.triggerAction(AbstractTextEditor.java:3082)
	at org.eclipse.ui.texteditor.AbstractTextEditor$14.access$1(AbstractTextEditor.java:3065)
	at org.eclipse.ui.texteditor.AbstractTextEditor$15.run(AbstractTextEditor.java:3096)
	at org.eclipse.swt.widgets.Display.runTimer(Display.java:4273)
	at org.eclipse.swt.widgets.Display.messageProc(Display.java:3360)
	at org.eclipse.swt.internal.win32.OS.DispatchMessageW(Native Method)
	at org.eclipse.swt.internal.win32.OS.DispatchMessage(OS.java:2549)
	at org.eclipse.swt.widgets.Display.readAndDispatch(Display.java:3759)
	at org.eclipse.e4.ui.internal.workbench.swt.PartRenderingEngine$9.run(PartRenderingEngine.java:1151)
	at org.eclipse.core.databinding.observable.Realm.runWithDefault(Realm.java:332)
	at org.eclipse.e4.ui.internal.workbench.swt.PartRenderingEngine.run(PartRenderingEngine.java:1032)
	at org.eclipse.e4.ui.internal.workbench.E4Workbench.createAndRunUI(E4Workbench.java:148)
	at org.eclipse.ui.internal.Workbench$5.run(Workbench.java:636)
	at org.eclipse.core.databinding.observable.Realm.runWithDefault(Realm.java:332)
	at org.eclipse.ui.internal.Workbench.createAndRunWorkbench(Workbench.java:579)
	at org.eclipse.ui.PlatformUI.createAndRunWorkbench(PlatformUI.java:150)
	at org.eclipse.ui.internal.ide.application.IDEApplication.start(IDEApplication.java:135)
	at org.eclipse.equinox.internal.app.EclipseAppHandle.run(EclipseAppHandle.java:196)
	at org.eclipse.core.runtime.internal.adaptor.EclipseAppLauncher.runApplication(EclipseAppLauncher.java:134)
	at org.eclipse.core.runtime.internal.adaptor.EclipseAppLauncher.start(EclipseAppLauncher.java:104)
	at org.eclipse.core.runtime.adaptor.EclipseStarter.run(EclipseStarter.java:380)
	at org.eclipse.core.runtime.adaptor.EclipseStarter.run(EclipseStarter.java:235)
	at sun.reflect.NativeMethodAccessorImpl.invoke0(Native Method)
	at sun.reflect.NativeMethodAccessorImpl.invoke(Unknown Source)
	at sun.reflect.DelegatingMethodAccessorImpl.invoke(Unknown Source)
	at java.lang.reflect.Method.invoke(Unknown Source)
	at org.eclipse.equinox.launcher.Main.invokeFramework(Main.java:648)
	at org.eclipse.equinox.launcher.Main.basicRun(Main.java:603)
	at org.eclipse.equinox.launcher.Main.run(Main.java:1465)

!ENTRY org.eclipse.jdt.ui 4 2 2014-10-10 22:32:08.090
!MESSAGE Problems occurred when invoking code from plug-in: "org.eclipse.jdt.ui".
!STACK 0
java.lang.NullPointerException
	at org.testng.eclipse.refactoring.TestNGVisitor.visit(TestNGVisitor.java:49)
	at org.eclipse.jdt.core.dom.MethodDeclaration.accept0(MethodDeclaration.java:611)
	at org.eclipse.jdt.core.dom.ASTNode.accept(ASTNode.java:2711)
	at org.eclipse.jdt.core.dom.ASTNode.acceptChildren(ASTNode.java:2782)
	at org.eclipse.jdt.core.dom.TypeDeclaration.accept0(TypeDeclaration.java:470)
	at org.eclipse.jdt.core.dom.ASTNode.accept(ASTNode.java:2711)
	at org.eclipse.jdt.core.dom.ASTNode.acceptChildren(ASTNode.java:2782)
	at org.eclipse.jdt.core.dom.CompilationUnit.accept0(CompilationUnit.java:212)
	at org.eclipse.jdt.core.dom.ASTNode.accept(ASTNode.java:2711)
	at org.testng.eclipse.refactoring.TestNGQuickAssistProcessor.init(TestNGQuickAssistProcessor.java:65)
	at org.testng.eclipse.refactoring.TestNGQuickAssistProcessor.getAssists(TestNGQuickAssistProcessor.java:81)
	at org.eclipse.jdt.internal.ui.text.correction.JavaCorrectionProcessor$SafeAssistCollector.safeRun(JavaCorrectionProcessor.java:403)
	at org.eclipse.jdt.internal.ui.text.correction.JavaCorrectionProcessor$SafeCorrectionProcessorAccess.run(JavaCorrectionProcessor.java:339)
	at org.eclipse.core.runtime.SafeRunner.run(SafeRunner.java:42)
	at org.eclipse.jdt.internal.ui.text.correction.JavaCorrectionProcessor$SafeCorrectionProcessorAccess.process(JavaCorrectionProcessor.java:329)
	at org.eclipse.jdt.internal.ui.text.correction.JavaCorrectionProcessor.collectAssists(JavaCorrectionProcessor.java:509)
	at org.eclipse.jdt.internal.ui.text.correction.JavaCorrectionProcessor.collectProposals(JavaCorrectionProcessor.java:287)
	at org.eclipse.jdt.internal.ui.text.correction.JavaCorrectionProcessor.computeQuickAssistProposals(JavaCorrectionProcessor.java:242)
	at org.eclipse.jface.text.quickassist.QuickAssistAssistant$ContentAssistProcessor.computeCompletionProposals(QuickAssistAssistant.java:75)
	at org.eclipse.jface.text.contentassist.ContentAssistant.computeCompletionProposals(ContentAssistant.java:1861)
	at org.eclipse.jface.text.contentassist.CompletionProposalPopup.computeProposals(CompletionProposalPopup.java:573)
	at org.eclipse.jface.text.contentassist.CompletionProposalPopup.access$16(CompletionProposalPopup.java:570)
	at org.eclipse.jface.text.contentassist.CompletionProposalPopup$2.run(CompletionProposalPopup.java:505)
	at org.eclipse.swt.custom.BusyIndicator.showWhile(BusyIndicator.java:70)
	at org.eclipse.jface.text.contentassist.CompletionProposalPopup.showProposals(CompletionProposalPopup.java:499)
	at org.eclipse.jface.text.contentassist.ContentAssistant.showPossibleCompletions(ContentAssistant.java:1687)
	at org.eclipse.jface.text.quickassist.QuickAssistAssistant.showPossibleQuickAssists(QuickAssistAssistant.java:128)
	at org.eclipse.jdt.internal.ui.text.correction.JavaCorrectionAssistant.showPossibleQuickAssists(JavaCorrectionAssistant.java:193)
	at org.eclipse.jdt.internal.ui.javaeditor.CompilationUnitEditor$AdaptedSourceViewer.doOperation(CompilationUnitEditor.java:195)
	at org.eclipse.jdt.internal.ui.javaeditor.JavaSelectAnnotationRulerAction.runWithEvent(JavaSelectAnnotationRulerAction.java:98)
	at org.eclipse.ui.texteditor.AbstractRulerActionDelegate.runWithEvent(AbstractRulerActionDelegate.java:112)
	at org.eclipse.ui.internal.handlers.ActionDelegateHandlerProxy.execute(ActionDelegateHandlerProxy.java:291)
	at org.eclipse.core.commands.Command.executeWithChecks(Command.java:499)
	at org.eclipse.core.commands.ParameterizedCommand.executeWithChecks(ParameterizedCommand.java:508)
	at org.eclipse.ui.actions.ContributedAction.runWithEvent(ContributedAction.java:192)
	at org.eclipse.ui.texteditor.AbstractTextEditor$14.triggerAction(AbstractTextEditor.java:3082)
	at org.eclipse.ui.texteditor.AbstractTextEditor$14.access$1(AbstractTextEditor.java:3065)
	at org.eclipse.ui.texteditor.AbstractTextEditor$15.run(AbstractTextEditor.java:3096)
	at org.eclipse.swt.widgets.Display.runTimer(Display.java:4273)
	at org.eclipse.swt.widgets.Display.messageProc(Display.java:3360)
	at org.eclipse.swt.internal.win32.OS.DispatchMessageW(Native Method)
	at org.eclipse.swt.internal.win32.OS.DispatchMessage(OS.java:2549)
	at org.eclipse.swt.widgets.Display.readAndDispatch(Display.java:3759)
	at org.eclipse.e4.ui.internal.workbench.swt.PartRenderingEngine$9.run(PartRenderingEngine.java:1151)
	at org.eclipse.core.databinding.observable.Realm.runWithDefault(Realm.java:332)
	at org.eclipse.e4.ui.internal.workbench.swt.PartRenderingEngine.run(PartRenderingEngine.java:1032)
	at org.eclipse.e4.ui.internal.workbench.E4Workbench.createAndRunUI(E4Workbench.java:148)
	at org.eclipse.ui.internal.Workbench$5.run(Workbench.java:636)
	at org.eclipse.core.databinding.observable.Realm.runWithDefault(Realm.java:332)
	at org.eclipse.ui.internal.Workbench.createAndRunWorkbench(Workbench.java:579)
	at org.eclipse.ui.PlatformUI.createAndRunWorkbench(PlatformUI.java:150)
	at org.eclipse.ui.internal.ide.application.IDEApplication.start(IDEApplication.java:135)
	at org.eclipse.equinox.internal.app.EclipseAppHandle.run(EclipseAppHandle.java:196)
	at org.eclipse.core.runtime.internal.adaptor.EclipseAppLauncher.runApplication(EclipseAppLauncher.java:134)
	at org.eclipse.core.runtime.internal.adaptor.EclipseAppLauncher.start(EclipseAppLauncher.java:104)
	at org.eclipse.core.runtime.adaptor.EclipseStarter.run(EclipseStarter.java:380)
	at org.eclipse.core.runtime.adaptor.EclipseStarter.run(EclipseStarter.java:235)
	at sun.reflect.NativeMethodAccessorImpl.invoke0(Native Method)
	at sun.reflect.NativeMethodAccessorImpl.invoke(Unknown Source)
	at sun.reflect.DelegatingMethodAccessorImpl.invoke(Unknown Source)
	at java.lang.reflect.Method.invoke(Unknown Source)
	at org.eclipse.equinox.launcher.Main.invokeFramework(Main.java:648)
	at org.eclipse.equinox.launcher.Main.basicRun(Main.java:603)
	at org.eclipse.equinox.launcher.Main.run(Main.java:1465)

!ENTRY org.eclipse.jdt.ui 4 4 2014-10-10 22:32:08.098
!MESSAGE An error occurred while computing quick assists. Check log for details.
!SUBENTRY 1 org.eclipse.jdt.ui 4 0 2014-10-10 22:32:08.098
!MESSAGE Exception while processing quick fixes or quick assists
!SUBENTRY 2 org.eclipse.jdt.ui 4 4 2014-10-10 22:32:08.098
!MESSAGE Exception while processing quick fixes or quick assists
!STACK 0
java.lang.NullPointerException
	at org.testng.eclipse.refactoring.TestNGVisitor.visit(TestNGVisitor.java:49)
	at org.eclipse.jdt.core.dom.MethodDeclaration.accept0(MethodDeclaration.java:611)
	at org.eclipse.jdt.core.dom.ASTNode.accept(ASTNode.java:2711)
	at org.eclipse.jdt.core.dom.ASTNode.acceptChildren(ASTNode.java:2782)
	at org.eclipse.jdt.core.dom.TypeDeclaration.accept0(TypeDeclaration.java:470)
	at org.eclipse.jdt.core.dom.ASTNode.accept(ASTNode.java:2711)
	at org.eclipse.jdt.core.dom.ASTNode.acceptChildren(ASTNode.java:2782)
	at org.eclipse.jdt.core.dom.CompilationUnit.accept0(CompilationUnit.java:212)
	at org.eclipse.jdt.core.dom.ASTNode.accept(ASTNode.java:2711)
	at org.testng.eclipse.refactoring.TestNGQuickAssistProcessor.init(TestNGQuickAssistProcessor.java:65)
	at org.testng.eclipse.refactoring.TestNGQuickAssistProcessor.getAssists(TestNGQuickAssistProcessor.java:81)
	at org.eclipse.jdt.internal.ui.text.correction.JavaCorrectionProcessor$SafeAssistCollector.safeRun(JavaCorrectionProcessor.java:403)
	at org.eclipse.jdt.internal.ui.text.correction.JavaCorrectionProcessor$SafeCorrectionProcessorAccess.run(JavaCorrectionProcessor.java:339)
	at org.eclipse.core.runtime.SafeRunner.run(SafeRunner.java:42)
	at org.eclipse.jdt.internal.ui.text.correction.JavaCorrectionProcessor$SafeCorrectionProcessorAccess.process(JavaCorrectionProcessor.java:329)
	at org.eclipse.jdt.internal.ui.text.correction.JavaCorrectionProcessor.collectAssists(JavaCorrectionProcessor.java:509)
	at org.eclipse.jdt.internal.ui.text.correction.JavaCorrectionProcessor.collectProposals(JavaCorrectionProcessor.java:287)
	at org.eclipse.jdt.internal.ui.text.correction.JavaCorrectionProcessor.computeQuickAssistProposals(JavaCorrectionProcessor.java:242)
	at org.eclipse.jface.text.quickassist.QuickAssistAssistant$ContentAssistProcessor.computeCompletionProposals(QuickAssistAssistant.java:75)
	at org.eclipse.jface.text.contentassist.ContentAssistant.computeCompletionProposals(ContentAssistant.java:1861)
	at org.eclipse.jface.text.contentassist.CompletionProposalPopup.computeProposals(CompletionProposalPopup.java:573)
	at org.eclipse.jface.text.contentassist.CompletionProposalPopup.access$16(CompletionProposalPopup.java:570)
	at org.eclipse.jface.text.contentassist.CompletionProposalPopup$2.run(CompletionProposalPopup.java:505)
	at org.eclipse.swt.custom.BusyIndicator.showWhile(BusyIndicator.java:70)
	at org.eclipse.jface.text.contentassist.CompletionProposalPopup.showProposals(CompletionProposalPopup.java:499)
	at org.eclipse.jface.text.contentassist.ContentAssistant.showPossibleCompletions(ContentAssistant.java:1687)
	at org.eclipse.jface.text.quickassist.QuickAssistAssistant.showPossibleQuickAssists(QuickAssistAssistant.java:128)
	at org.eclipse.jdt.internal.ui.text.correction.JavaCorrectionAssistant.showPossibleQuickAssists(JavaCorrectionAssistant.java:193)
	at org.eclipse.jdt.internal.ui.javaeditor.CompilationUnitEditor$AdaptedSourceViewer.doOperation(CompilationUnitEditor.java:195)
	at org.eclipse.jdt.internal.ui.javaeditor.JavaSelectAnnotationRulerAction.runWithEvent(JavaSelectAnnotationRulerAction.java:98)
	at org.eclipse.ui.texteditor.AbstractRulerActionDelegate.runWithEvent(AbstractRulerActionDelegate.java:112)
	at org.eclipse.ui.internal.handlers.ActionDelegateHandlerProxy.execute(ActionDelegateHandlerProxy.java:291)
	at org.eclipse.core.commands.Command.executeWithChecks(Command.java:499)
	at org.eclipse.core.commands.ParameterizedCommand.executeWithChecks(ParameterizedCommand.java:508)
	at org.eclipse.ui.actions.ContributedAction.runWithEvent(ContributedAction.java:192)
	at org.eclipse.ui.texteditor.AbstractTextEditor$14.triggerAction(AbstractTextEditor.java:3082)
	at org.eclipse.ui.texteditor.AbstractTextEditor$14.access$1(AbstractTextEditor.java:3065)
	at org.eclipse.ui.texteditor.AbstractTextEditor$15.run(AbstractTextEditor.java:3096)
	at org.eclipse.swt.widgets.Display.runTimer(Display.java:4273)
	at org.eclipse.swt.widgets.Display.messageProc(Display.java:3360)
	at org.eclipse.swt.internal.win32.OS.DispatchMessageW(Native Method)
	at org.eclipse.swt.internal.win32.OS.DispatchMessage(OS.java:2549)
	at org.eclipse.swt.widgets.Display.readAndDispatch(Display.java:3759)
	at org.eclipse.e4.ui.internal.workbench.swt.PartRenderingEngine$9.run(PartRenderingEngine.java:1151)
	at org.eclipse.core.databinding.observable.Realm.runWithDefault(Realm.java:332)
	at org.eclipse.e4.ui.internal.workbench.swt.PartRenderingEngine.run(PartRenderingEngine.java:1032)
	at org.eclipse.e4.ui.internal.workbench.E4Workbench.createAndRunUI(E4Workbench.java:148)
	at org.eclipse.ui.internal.Workbench$5.run(Workbench.java:636)
	at org.eclipse.core.databinding.observable.Realm.runWithDefault(Realm.java:332)
	at org.eclipse.ui.internal.Workbench.createAndRunWorkbench(Workbench.java:579)
	at org.eclipse.ui.PlatformUI.createAndRunWorkbench(PlatformUI.java:150)
	at org.eclipse.ui.internal.ide.application.IDEApplication.start(IDEApplication.java:135)
	at org.eclipse.equinox.internal.app.EclipseAppHandle.run(EclipseAppHandle.java:196)
	at org.eclipse.core.runtime.internal.adaptor.EclipseAppLauncher.runApplication(EclipseAppLauncher.java:134)
	at org.eclipse.core.runtime.internal.adaptor.EclipseAppLauncher.start(EclipseAppLauncher.java:104)
	at org.eclipse.core.runtime.adaptor.EclipseStarter.run(EclipseStarter.java:380)
	at org.eclipse.core.runtime.adaptor.EclipseStarter.run(EclipseStarter.java:235)
	at sun.reflect.NativeMethodAccessorImpl.invoke0(Native Method)
	at sun.reflect.NativeMethodAccessorImpl.invoke(Unknown Source)
	at sun.reflect.DelegatingMethodAccessorImpl.invoke(Unknown Source)
	at java.lang.reflect.Method.invoke(Unknown Source)
	at org.eclipse.equinox.launcher.Main.invokeFramework(Main.java:648)
	at org.eclipse.equinox.launcher.Main.basicRun(Main.java:603)
	at org.eclipse.equinox.launcher.Main.run(Main.java:1465)
!SESSION 2014-10-12 19:38:37.992 -----------------------------------------------
eclipse.buildId=4.4.1.M20140925-0400
java.version=1.8.0_20
java.vendor=Oracle Corporation
BootLoader constants: OS=win32, ARCH=x86_64, WS=win32, NL=en_US
Framework arguments:  -product org.eclipse.epp.package.java.product
Command-line arguments:  -os win32 -ws win32 -arch x86_64 -product org.eclipse.epp.package.java.product

!ENTRY org.eclipse.m2e.logback.configuration 2 0 2014-10-12 19:40:13.554
!MESSAGE Exception while setting up logging:org.eclipse.osgi.internal.framework.EquinoxConfiguration$1 cannot be cast to java.lang.String
!STACK 0
java.lang.ClassCastException: org.eclipse.osgi.internal.framework.EquinoxConfiguration$1 cannot be cast to java.lang.String
	at org.eclipse.m2e.logback.configuration.LogHelper.logJavaProperties(LogHelper.java:26)
	at org.eclipse.m2e.logback.configuration.LogPlugin.loadConfiguration(LogPlugin.java:189)
	at org.eclipse.m2e.logback.configuration.LogPlugin.configureLogback(LogPlugin.java:144)
	at org.eclipse.m2e.logback.configuration.LogPlugin.access$2(LogPlugin.java:107)
	at org.eclipse.m2e.logback.configuration.LogPlugin$1.run(LogPlugin.java:62)
	at java.util.TimerThread.mainLoop(Unknown Source)
	at java.util.TimerThread.run(Unknown Source)

!ENTRY org.eclipse.egit.ui 2 0 2014-10-12 19:40:42.657
!MESSAGE Warning: EGit couldn't detect the installation path "gitPrefix" of native Git. Hence EGit can't respect system level
Git settings which might be configured in ${gitPrefix}/etc/gitconfig under the native Git installation directory.
The most important of these settings is core.autocrlf. Git for Windows by default sets this parameter to true in
this system level configuration. The Git installation location can be configured on the
Team > Git > Configuration preference page's 'System Settings' tab.
This warning can be switched off on the Team > Git > Confirmations and Warnings preference page.

!ENTRY org.eclipse.egit.ui 2 0 2014-10-12 19:40:42.667
!MESSAGE Warning: The environment variable HOME is not set. The following directory will be used to store the Git
user global configuration and to define the default location to store repositories: 'C:\Users\Korlova'. If this is
not correct please set the HOME environment variable and restart Eclipse. Otherwise Git for Windows and
EGit might behave differently since they see different configuration options.
This warning can be switched off on the Team > Git > Confirmations and Warnings preference page.

!ENTRY org.testng.eclipse 1 0 2014-10-12 19:51:58.021
!MESSAGE [TestNGLaunchShortcut] Examining Java element:[Working copy] GroupCreationTests.java [in com.example.tests [in src [in addressbook-selenium-tests]]]
  package com.example.tests
  import java.util.regex.Pattern
  import java.util.concurrent.TimeUnit
  import org.junit.*
  import org.junit.Assert.*
  import org.hamcrest.CoreMatchers.*
  import org.openqa.selenium.*
  import org.openqa.selenium.firefox.FirefoxDriver
  import org.openqa.selenium.support.ui.Select
  class GroupCreationTests
    WebDriver driver
    String baseUrl
    boolean acceptNextAlert
    StringBuffer verificationErrors
    void setUp()
    void testUntitled()
    void tearDown()
    boolean isElementPresent(By)
    boolean isAlertPresent()
    String closeAlertAndGetItsText()

!ENTRY org.testng.eclipse 1 0 2014-10-12 19:51:58.951
!MESSAGE [TestNGLaunchConfigurationDelegate] Launching:
  Classpath: /C:/Users/Korlova/Downloads/eclipse-java-luna-SR1-win32-x86_64/eclipse/plugins/org.testng.eclipse_6.8.6.20141201_2240/lib/testng.jar C:\JavaForTesters\Programming-For-Testers-Java\addressbook-selenium-tests\bin C:\Users\Korlova\Downloads\selenium-server-standalone-2.39.0.jar
  VMArgs:    -ea
  Class:     org.testng.remote.RemoteTestNG
  Args:      -serport 56404 -d C:\JavaForTesters\Programming-For-Testers-Java\addressbook-selenium-tests\test-output C:\Users\Korlova\AppData\Local\Temp\testng-eclipse--1580159701\testng-customsuite.xml
java -ea -classpath /C:/Users/Korlova/Downloads/eclipse-java-luna-SR1-win32-x86_64/eclipse/plugins/org.testng.eclipse_6.8.6.20141201_2240/lib/testng.jar:C:\JavaForTesters\Programming-For-Testers-Java\addressbook-selenium-tests\bin:C:\Users\Korlova\Downloads\selenium-server-standalone-2.39.0.jar org.testng.remote.RemoteTestNG -serport 56404 -d C:\JavaForTesters\Programming-For-Testers-Java\addressbook-selenium-tests\test-output C:\Users\Korlova\AppData\Local\Temp\testng-eclipse--1580159701\testng-customsuite.xml

!ENTRY org.testng.eclipse 1 0 2014-10-12 19:52:25.917
!MESSAGE [TestNGLaunchConfigurationDelegate] Launching:
  Classpath: /C:/Users/Korlova/Downloads/eclipse-java-luna-SR1-win32-x86_64/eclipse/plugins/org.testng.eclipse_6.8.6.20141201_2240/lib/testng.jar C:\JavaForTesters\Programming-For-Testers-Java\addressbook-selenium-tests\bin C:\Users\Korlova\Downloads\selenium-server-standalone-2.39.0.jar
  VMArgs:    -ea
  Class:     org.testng.remote.RemoteTestNG
  Args:      -serport 56411 -d C:\JavaForTesters\Programming-For-Testers-Java\addressbook-selenium-tests\test-output C:\Users\Korlova\AppData\Local\Temp\testng-eclipse--1894468904\testng-customsuite.xml
java -ea -classpath /C:/Users/Korlova/Downloads/eclipse-java-luna-SR1-win32-x86_64/eclipse/plugins/org.testng.eclipse_6.8.6.20141201_2240/lib/testng.jar:C:\JavaForTesters\Programming-For-Testers-Java\addressbook-selenium-tests\bin:C:\Users\Korlova\Downloads\selenium-server-standalone-2.39.0.jar org.testng.remote.RemoteTestNG -serport 56411 -d C:\JavaForTesters\Programming-For-Testers-Java\addressbook-selenium-tests\test-output C:\Users\Korlova\AppData\Local\Temp\testng-eclipse--1894468904\testng-customsuite.xml

!ENTRY org.testng.eclipse 1 0 2014-10-12 20:14:09.331
!MESSAGE [TestNGLaunchShortcut] Examining Java element:[Working copy] GroupCreationTests.java [in com.example.tests [in src [in addressbook-selenium-tests]]]
  package com.example.tests
  import java.util.regex.Pattern
  import java.util.concurrent.TimeUnit
  import org.junit.*
  import org.junit.Assert.*
  import org.hamcrest.CoreMatchers.*
  import org.openqa.selenium.*
  import org.openqa.selenium.firefox.FirefoxDriver
  import org.openqa.selenium.support.ui.Select
  class GroupCreationTests
    WebDriver driver
    String baseUrl
    boolean acceptNextAlert
    StringBuffer verificationErrors
    void setUp()
    void testUntitled()
    void tearDown()
    boolean isElementPresent(By)
    boolean isAlertPresent()
    String closeAlertAndGetItsText()

!ENTRY org.testng.eclipse 1 0 2014-10-12 21:29:59.982
!MESSAGE [TestNGLaunchShortcut] Examining Java element:[Working copy] GroupCreationTests.java [in com.example.tests [in src [in addressbook-selenium-tests]]]
  package com.example.tests
  import java.util.regex.Pattern
  import java.util.concurrent.TimeUnit
  import org.junit.Assert.*
  import org.hamcrest.CoreMatchers.*
  import org.openqa.selenium.*
  import org.openqa.selenium.firefox.FirefoxDriver
  import org.openqa.selenium.support.ui.Select
  import org.testng.annotations.AfterClass
  import org.testng.annotations.BeforeClass
  import org.testng.annotations.Test
  class GroupCreationTests
    WebDriver driver
    String baseUrl
    boolean acceptNextAlert
    StringBuffer verificationErrors
    void setUp()
    void testNonEmptyGroupCreation()
    void testEmptyGroupCreation()
    void returnToGroupsPage()
    void submitGroupCreation()
    void fillGroupForm(GroupData)
    void initGroupCreation()
    void gotoGroupsPage()
    void openMainPage()
    void tearDown()
    boolean isElementPresent(By)
    boolean isAlertPresent()
    String closeAlertAndGetItsText()

!ENTRY org.testng.eclipse 1 0 2014-10-12 21:30:00.366
!MESSAGE [TestNGLaunchConfigurationDelegate] Launching:
  Classpath: /C:/Users/Korlova/Downloads/eclipse-java-luna-SR1-win32-x86_64/eclipse/plugins/org.testng.eclipse_6.8.6.20141201_2240/lib/testng.jar C:\JavaForTesters\Programming-For-Testers-Java\addressbook-selenium-tests\bin C:\Users\Korlova\Downloads\selenium-server-standalone-2.43.1.jar
  VMArgs:    -ea
  Class:     org.testng.remote.RemoteTestNG
  Args:      -serport 58456 -d C:\JavaForTesters\Programming-For-Testers-Java\addressbook-selenium-tests\test-output C:\Users\Korlova\AppData\Local\Temp\testng-eclipse--1868958414\testng-customsuite.xml
java -ea -classpath /C:/Users/Korlova/Downloads/eclipse-java-luna-SR1-win32-x86_64/eclipse/plugins/org.testng.eclipse_6.8.6.20141201_2240/lib/testng.jar:C:\JavaForTesters\Programming-For-Testers-Java\addressbook-selenium-tests\bin:C:\Users\Korlova\Downloads\selenium-server-standalone-2.43.1.jar org.testng.remote.RemoteTestNG -serport 58456 -d C:\JavaForTesters\Programming-For-Testers-Java\addressbook-selenium-tests\test-output C:\Users\Korlova\AppData\Local\Temp\testng-eclipse--1868958414\testng-customsuite.xml

!ENTRY org.eclipse.recommenders.rcp 4 5 2014-10-12 21:47:04.773
!MESSAGE Failed to resolve selection in =addressbook-selenium-tests/src<com.example.tests{AlsoGroupCreationTests.java at offset 3,419
!STACK 0
org.eclipse.recommenders.utils.Logs$LogTraceException
	at org.eclipse.recommenders.utils.Logs$LogTraceException.newTrace(Logs.java:377)
	at org.eclipse.recommenders.utils.Logs.log(Logs.java:130)
	at org.eclipse.recommenders.internal.rcp.JavaElementSelections.resolveJavaElementFromTypeRootInEditor(JavaElementSelections.java:161)
	at org.eclipse.recommenders.internal.rcp.JavaElementSelections.resolveJavaElementFromEditor(JavaElementSelections.java:117)
	at org.eclipse.recommenders.internal.rcp.JavaElementSelections.resolveJavaElementFromEditor(JavaElementSelections.java:100)
	at org.eclipse.recommenders.internal.rcp.JavaElementSelectionService.handleSelectionInEditor(JavaElementSelectionService.java:108)
	at org.eclipse.recommenders.internal.rcp.JavaElementSelectionService.access$1(JavaElementSelectionService.java:105)
	at org.eclipse.recommenders.internal.rcp.JavaElementSelectionService$1.run(JavaElementSelectionService.java:82)
	at java.util.concurrent.Executors$RunnableAdapter.call(Unknown Source)
	at java.util.concurrent.FutureTask.run(Unknown Source)
	at java.util.concurrent.ScheduledThreadPoolExecutor$ScheduledFutureTask.access$201(Unknown Source)
	at java.util.concurrent.ScheduledThreadPoolExecutor$ScheduledFutureTask.run(Unknown Source)
	at java.util.concurrent.ThreadPoolExecutor.runWorker(Unknown Source)
	at java.util.concurrent.ThreadPoolExecutor$Worker.run(Unknown Source)
	at java.lang.Thread.run(Unknown Source)

!ENTRY org.testng.eclipse 1 0 2014-10-12 21:48:07.844
!MESSAGE [TestNGLaunchShortcut] Examining Java element:com.example.tests [in src [in addressbook-selenium-tests]]
  [Working copy] AlsoGroupCreationTests.java
    package com.example.tests
    import java.util.regex.Pattern
    import java.util.concurrent.TimeUnit
    import org.junit.Assert.*
    import org.hamcrest.CoreMatchers.*
    import org.openqa.selenium.*
    import org.openqa.selenium.firefox.FirefoxDriver
    import org.openqa.selenium.support.ui.Select
    import org.testng.annotations.AfterClass
    import org.testng.annotations.BeforeClass
    import org.testng.annotations.Test
    class AlsoGroupCreationTests
      WebDriver driver
      String baseUrl
      boolean acceptNextAlert
      StringBuffer verificationErrors
      void setUp()
      void testNonEmptyGroupCreation()
      void testEmptyGroupCreation()
      void returnToGroupsPage()
      void submitGroupCreation()
      void fillGroupForm(GroupData)
      void initGroupCreation()
      void gotoGroupsPage()
      void openMainPage()
      void tearDown()
      boolean isElementPresent(By)
      boolean isAlertPresent()
      String closeAlertAndGetItsText()
  [Working copy] GroupData.java
    package com.example.tests
    class GroupData
      String name
      String header
      String footer
      GroupData()
      GroupData(String, String, String)
  [Working copy] GroupCreationTests.java
    package com.example.tests
    import java.util.regex.Pattern
    import java.util.concurrent.TimeUnit
    import org.junit.Assert.*
    import org.hamcrest.CoreMatchers.*
    import org.openqa.selenium.*
    import org.openqa.selenium.firefox.FirefoxDriver
    import org.openqa.selenium.support.ui.Select
    import org.testng.annotations.AfterClass
    import org.testng.annotations.BeforeClass
    import org.testng.annotations.Test
    class GroupCreationTests
      WebDriver driver
      String baseUrl
      boolean acceptNextAlert
      StringBuffer verificationErrors
      void setUp()
      void testNonEmptyGroupCreation()
      void testEmptyGroupCreation()
      void returnToGroupsPage()
      void submitGroupCreation()
      void fillGroupForm(GroupData)
      void initGroupCreation()
      void gotoGroupsPage()
      void openMainPage()
      void tearDown()
      boolean isElementPresent(By)
      boolean isAlertPresent()
      String closeAlertAndGetItsText()

!ENTRY org.testng.eclipse 1 0 2014-10-12 21:48:08.383
!MESSAGE [TestNGLaunchConfigurationDelegate] Launching:
  Classpath: /C:/Users/Korlova/Downloads/eclipse-java-luna-SR1-win32-x86_64/eclipse/plugins/org.testng.eclipse_6.8.6.20141201_2240/lib/testng.jar C:\JavaForTesters\Programming-For-Testers-Java\addressbook-selenium-tests\bin C:\Users\Korlova\Downloads\selenium-server-standalone-2.43.1.jar
  VMArgs:    -ea
  Class:     org.testng.remote.RemoteTestNG
  Args:      -serport 58759 -d C:\JavaForTesters\Programming-For-Testers-Java\addressbook-selenium-tests\test-output C:\Users\Korlova\AppData\Local\Temp\testng-eclipse--830945276\testng-customsuite.xml
java -ea -classpath /C:/Users/Korlova/Downloads/eclipse-java-luna-SR1-win32-x86_64/eclipse/plugins/org.testng.eclipse_6.8.6.20141201_2240/lib/testng.jar:C:\JavaForTesters\Programming-For-Testers-Java\addressbook-selenium-tests\bin:C:\Users\Korlova\Downloads\selenium-server-standalone-2.43.1.jar org.testng.remote.RemoteTestNG -serport 58759 -d C:\JavaForTesters\Programming-For-Testers-Java\addressbook-selenium-tests\test-output C:\Users\Korlova\AppData\Local\Temp\testng-eclipse--830945276\testng-customsuite.xml

!ENTRY org.testng.eclipse 1 0 2014-10-12 21:58:45.764
!MESSAGE [TestNGLaunchShortcut] Examining Java element:com.example.tests [in src [in addressbook-selenium-tests]]
  [Working copy] AlsoGroupCreationTests.java
    package com.example.tests
    import org.testng.annotations.Test
    class AlsoGroupCreationTests
      void testNonEmptyGroupCreation()
      void testEmptyGroupCreation()
  [Working copy] TestBase.java
    package com.example.tests
    import org.junit.Assert.fail
    import java.util.concurrent.TimeUnit
    import org.openqa.selenium.Alert
    import org.openqa.selenium.By
    import org.openqa.selenium.NoAlertPresentException
    import org.openqa.selenium.NoSuchElementException
    import org.openqa.selenium.WebDriver
    import org.openqa.selenium.firefox.FirefoxDriver
    import org.testng.annotations.AfterClass
    import org.testng.annotations.AfterTest
    import org.testng.annotations.BeforeClass
    import org.testng.annotations.BeforeTest
    class TestBase
      WebDriver driver
      String baseUrl
      boolean acceptNextAlert
      StringBuffer verificationErrors
      void setUp()
      void tearDown()
      void returnToGroupsPage()
      void submitGroupCreation()
      void fillGroupForm(GroupData)
      void initGroupCreation()
      void gotoGroupsPage()
      void openMainPage()
      boolean isElementPresent(By)
      boolean isAlertPresent()
      String closeAlertAndGetItsText()
  [Working copy] GroupData.java
    package com.example.tests
    class GroupData
      String name
      String header
      String footer
      GroupData()
      GroupData(String, String, String)
  [Working copy] GroupCreationTests.java
    package com.example.tests
    import org.testng.annotations.Test
    class GroupCreationTests
      void testNonEmptyGroupCreation()
      void testEmptyGroupCreation()

!ENTRY org.testng.eclipse 1 0 2014-10-12 21:58:45.840
!MESSAGE [TestNGLaunchConfigurationDelegate] Launching:
  Classpath: /C:/Users/Korlova/Downloads/eclipse-java-luna-SR1-win32-x86_64/eclipse/plugins/org.testng.eclipse_6.8.6.20141201_2240/lib/testng.jar C:\JavaForTesters\Programming-For-Testers-Java\addressbook-selenium-tests\bin C:\Users\Korlova\Downloads\selenium-server-standalone-2.43.1.jar
  VMArgs:    -ea
  Class:     org.testng.remote.RemoteTestNG
  Args:      -serport 59019 -d C:\JavaForTesters\Programming-For-Testers-Java\addressbook-selenium-tests\test-output C:\Users\Korlova\AppData\Local\Temp\testng-eclipse--216946804\testng-customsuite.xml
java -ea -classpath /C:/Users/Korlova/Downloads/eclipse-java-luna-SR1-win32-x86_64/eclipse/plugins/org.testng.eclipse_6.8.6.20141201_2240/lib/testng.jar:C:\JavaForTesters\Programming-For-Testers-Java\addressbook-selenium-tests\bin:C:\Users\Korlova\Downloads\selenium-server-standalone-2.43.1.jar org.testng.remote.RemoteTestNG -serport 59019 -d C:\JavaForTesters\Programming-For-Testers-Java\addressbook-selenium-tests\test-output C:\Users\Korlova\AppData\Local\Temp\testng-eclipse--216946804\testng-customsuite.xml

!ENTRY org.testng.eclipse 1 0 2014-10-12 22:01:03.243
!MESSAGE [TestNGLaunchShortcut] Examining Java element:com.example.tests [in src [in addressbook-selenium-tests]]
  [Working copy] AlsoGroupCreationTests.java
    package com.example.tests
    import org.testng.annotations.Test
    class AlsoGroupCreationTests
      void testNonEmptyGroupCreation()
      void testEmptyGroupCreation()
  [Working copy] TestBase.java
    package com.example.tests
    import org.junit.Assert.fail
    import java.util.concurrent.TimeUnit
    import org.openqa.selenium.Alert
    import org.openqa.selenium.By
    import org.openqa.selenium.NoAlertPresentException
    import org.openqa.selenium.NoSuchElementException
    import org.openqa.selenium.WebDriver
    import org.openqa.selenium.firefox.FirefoxDriver
    import org.testng.annotations.AfterClass
    import org.testng.annotations.AfterTest
    import org.testng.annotations.BeforeClass
    import org.testng.annotations.BeforeTest
    class TestBase
      WebDriver driver
      String baseUrl
      boolean acceptNextAlert
      StringBuffer verificationErrors
      void setUp()
      void tearDown()
      void returnToGroupsPage()
      void submitGroupCreation()
      void fillGroupForm(GroupData)
      void initGroupCreation()
      void gotoGroupsPage()
      void openMainPage()
      boolean isElementPresent(By)
      boolean isAlertPresent()
      String closeAlertAndGetItsText()
  [Working copy] GroupData.java
    package com.example.tests
    class GroupData
      String name
      String header
      String footer
      GroupData()
      GroupData(String, String, String)
  [Working copy] GroupCreationTests.java
    package com.example.tests
    import org.testng.annotations.Test
    class GroupCreationTests
      void testNonEmptyGroupCreation()
      void testEmptyGroupCreation()

!ENTRY org.testng.eclipse 1 0 2014-10-12 22:01:03.330
!MESSAGE [TestNGLaunchConfigurationDelegate] Launching:
  Classpath: /C:/Users/Korlova/Downloads/eclipse-java-luna-SR1-win32-x86_64/eclipse/plugins/org.testng.eclipse_6.8.6.20141201_2240/lib/testng.jar C:\JavaForTesters\Programming-For-Testers-Java\addressbook-selenium-tests\bin C:\Users\Korlova\Downloads\selenium-server-standalone-2.43.1.jar
  VMArgs:    -ea
  Class:     org.testng.remote.RemoteTestNG
  Args:      -serport 59118 -d C:\JavaForTesters\Programming-For-Testers-Java\addressbook-selenium-tests\test-output C:\Users\Korlova\AppData\Local\Temp\testng-eclipse-443449230\testng-customsuite.xml
java -ea -classpath /C:/Users/Korlova/Downloads/eclipse-java-luna-SR1-win32-x86_64/eclipse/plugins/org.testng.eclipse_6.8.6.20141201_2240/lib/testng.jar:C:\JavaForTesters\Programming-For-Testers-Java\addressbook-selenium-tests\bin:C:\Users\Korlova\Downloads\selenium-server-standalone-2.43.1.jar org.testng.remote.RemoteTestNG -serport 59118 -d C:\JavaForTesters\Programming-For-Testers-Java\addressbook-selenium-tests\test-output C:\Users\Korlova\AppData\Local\Temp\testng-eclipse-443449230\testng-customsuite.xml

!ENTRY org.testng.eclipse 1 0 2014-10-12 23:03:00.035
!MESSAGE [TestNGLaunchShortcut] Examining Java element:[Working copy] ContactCreationTests.java [in com.example.tests [in src [in addressbook-selenium-tests]]]
  package com.example.tests
  import java.util.regex.Pattern
  import java.util.concurrent.TimeUnit
  import org.junit.Assert.*
  import org.hamcrest.CoreMatchers.*
  import org.openqa.selenium.*
  import org.openqa.selenium.firefox.FirefoxDriver
  import org.openqa.selenium.support.ui.Select
  import org.testng.annotations.AfterClass
  import org.testng.annotations.BeforeClass
  import org.testng.annotations.Test
  class ContactCreationTests
    WebDriver driver
    String baseUrl
    boolean acceptNextAlert
    StringBuffer verificationErrors
    void setUp()
    void testNonEmptyContactCreation()
    void testEmptyContactCreation()
    void returnToHomePage()
    void submitGroupCreation()
    void fillContactForm(ContactData)
    void initContactCreation()
    void openMainPage()
    void tearDown()
    boolean isElementPresent(By)
    boolean isAlertPresent()
    String closeAlertAndGetItsText()

!ENTRY org.testng.eclipse 1 0 2014-10-12 23:03:00.191
!MESSAGE [TestNGLaunchConfigurationDelegate] Launching:
  Classpath: /C:/Users/Korlova/Downloads/eclipse-java-luna-SR1-win32-x86_64/eclipse/plugins/org.testng.eclipse_6.8.6.20141201_2240/lib/testng.jar C:\JavaForTesters\Programming-For-Testers-Java\addressbook-selenium-tests\bin C:\Users\Korlova\Downloads\selenium-server-standalone-2.43.1.jar
  VMArgs:    -ea
  Class:     org.testng.remote.RemoteTestNG
  Args:      -serport 61313 -d C:\JavaForTesters\Programming-For-Testers-Java\addressbook-selenium-tests\test-output C:\Users\Korlova\AppData\Local\Temp\testng-eclipse-277367400\testng-customsuite.xml
java -ea -classpath /C:/Users/Korlova/Downloads/eclipse-java-luna-SR1-win32-x86_64/eclipse/plugins/org.testng.eclipse_6.8.6.20141201_2240/lib/testng.jar:C:\JavaForTesters\Programming-For-Testers-Java\addressbook-selenium-tests\bin:C:\Users\Korlova\Downloads\selenium-server-standalone-2.43.1.jar org.testng.remote.RemoteTestNG -serport 61313 -d C:\JavaForTesters\Programming-For-Testers-Java\addressbook-selenium-tests\test-output C:\Users\Korlova\AppData\Local\Temp\testng-eclipse-277367400\testng-customsuite.xml

!ENTRY org.testng.eclipse 1 0 2014-10-12 23:03:30.522
!MESSAGE [TestNGLaunchShortcut] Examining Java element:[Working copy] ContactCreationTests.java [in com.example.tests [in src [in addressbook-selenium-tests]]]
  package com.example.tests
  import java.util.regex.Pattern
  import java.util.concurrent.TimeUnit
  import org.junit.Assert.*
  import org.hamcrest.CoreMatchers.*
  import org.openqa.selenium.*
  import org.openqa.selenium.firefox.FirefoxDriver
  import org.openqa.selenium.support.ui.Select
  import org.testng.annotations.AfterClass
  import org.testng.annotations.BeforeClass
  import org.testng.annotations.Test
  class ContactCreationTests
    WebDriver driver
    String baseUrl
    boolean acceptNextAlert
    StringBuffer verificationErrors
    void setUp()
    void testNonEmptyContactCreation()
    void testEmptyContactCreation()
    void returnToHomePage()
    void submitGroupCreation()
    void fillContactForm(ContactData)
    void initContactCreation()
    void openMainPage()
    void tearDown()
    boolean isElementPresent(By)
    boolean isAlertPresent()
    String closeAlertAndGetItsText()

!ENTRY org.testng.eclipse 1 0 2014-10-12 23:03:30.603
!MESSAGE [TestNGLaunchConfigurationDelegate] Launching:
  Classpath: /C:/Users/Korlova/Downloads/eclipse-java-luna-SR1-win32-x86_64/eclipse/plugins/org.testng.eclipse_6.8.6.20141201_2240/lib/testng.jar C:\JavaForTesters\Programming-For-Testers-Java\addressbook-selenium-tests\bin C:\Users\Korlova\Downloads\selenium-server-standalone-2.43.1.jar
  VMArgs:    -ea
  Class:     org.testng.remote.RemoteTestNG
  Args:      -serport 61480 -d C:\JavaForTesters\Programming-For-Testers-Java\addressbook-selenium-tests\test-output C:\Users\Korlova\AppData\Local\Temp\testng-eclipse-1682885780\testng-customsuite.xml
java -ea -classpath /C:/Users/Korlova/Downloads/eclipse-java-luna-SR1-win32-x86_64/eclipse/plugins/org.testng.eclipse_6.8.6.20141201_2240/lib/testng.jar:C:\JavaForTesters\Programming-For-Testers-Java\addressbook-selenium-tests\bin:C:\Users\Korlova\Downloads\selenium-server-standalone-2.43.1.jar org.testng.remote.RemoteTestNG -serport 61480 -d C:\JavaForTesters\Programming-For-Testers-Java\addressbook-selenium-tests\test-output C:\Users\Korlova\AppData\Local\Temp\testng-eclipse-1682885780\testng-customsuite.xml

!ENTRY org.testng.eclipse 1 0 2014-10-12 23:04:28.338
!MESSAGE [TestNGLaunchShortcut] Examining Java element:com.example.tests [in src [in addressbook-selenium-tests]]
  [Working copy] AlsoGroupCreationTests.java
    package com.example.tests
    import org.testng.annotations.Test
    class AlsoGroupCreationTests
      void testNonEmptyGroupCreation()
      void testEmptyGroupCreation()
  [Working copy] TestBase.java
    package com.example.tests
    import org.junit.Assert.fail
    import java.util.concurrent.TimeUnit
    import org.openqa.selenium.Alert
    import org.openqa.selenium.By
    import org.openqa.selenium.NoAlertPresentException
    import org.openqa.selenium.NoSuchElementException
    import org.openqa.selenium.WebDriver
    import org.openqa.selenium.firefox.FirefoxDriver
    import org.testng.annotations.AfterClass
    import org.testng.annotations.AfterTest
    import org.testng.annotations.BeforeClass
    import org.testng.annotations.BeforeTest
    class TestBase
      WebDriver driver
      String baseUrl
      boolean acceptNextAlert
      StringBuffer verificationErrors
      void setUp()
      void tearDown()
      void returnToGroupsPage()
      void submitGroupCreation()
      void fillGroupForm(GroupData)
      void initGroupCreation()
      void gotoGroupsPage()
      void openMainPage()
      boolean isElementPresent(By)
      boolean isAlertPresent()
      String closeAlertAndGetItsText()
  GroupData.java
    package com.example.tests
    class GroupData
      String name
      String header
      String footer
      GroupData()
      GroupData(String, String, String)
  [Working copy] GroupCreationTests.java
    package com.example.tests
    import org.testng.annotations.Test
    class GroupCreationTests
      void testNonEmptyGroupCreation()
      void testEmptyGroupCreation()
  [Working copy] ContactCreationTests.java
    package com.example.tests
    import java.util.regex.Pattern
    import java.util.concurrent.TimeUnit
    import org.junit.Assert.*
    import org.hamcrest.CoreMatchers.*
    import org.openqa.selenium.*
    import org.openqa.selenium.firefox.FirefoxDriver
    import org.openqa.selenium.support.ui.Select
    import org.testng.annotations.AfterClass
    import org.testng.annotations.BeforeClass
    import org.testng.annotations.Test
    class ContactCreationTests
      WebDriver driver
      String baseUrl
      boolean acceptNextAlert
      StringBuffer verificationErrors
      void setUp()
      void testNonEmptyContactCreation()
      void testEmptyContactCreation()
      void returnToHomePage()
      void submitGroupCreation()
      void fillContactForm(ContactData)
      void initContactCreation()
      void openMainPage()
      void tearDown()
      boolean isElementPresent(By)
      boolean isAlertPresent()
      String closeAlertAndGetItsText()
  [Working copy] ContactData.java
    package com.example.tests
    class ContactData
      String firstname
      String lastname
      String address
      String home
      String mobile
      String work
      String email
      String email2
      String bday
      String bmonth
      String byear
      String group
      String address2
      String phone2
      ContactData()
      ContactData(String, String, String, String, String, String, String, String, String, String, String, String, String, String)

!ENTRY org.testng.eclipse 1 0 2014-10-12 23:04:28.527
!MESSAGE [TestNGLaunchConfigurationDelegate] Launching:
  Classpath: /C:/Users/Korlova/Downloads/eclipse-java-luna-SR1-win32-x86_64/eclipse/plugins/org.testng.eclipse_6.8.6.20141201_2240/lib/testng.jar C:\JavaForTesters\Programming-For-Testers-Java\addressbook-selenium-tests\bin C:\Users\Korlova\Downloads\selenium-server-standalone-2.43.1.jar
  VMArgs:    -ea
  Class:     org.testng.remote.RemoteTestNG
  Args:      -serport 61656 -d C:\JavaForTesters\Programming-For-Testers-Java\addressbook-selenium-tests\test-output C:\Users\Korlova\AppData\Local\Temp\testng-eclipse--671484684\testng-customsuite.xml
java -ea -classpath /C:/Users/Korlova/Downloads/eclipse-java-luna-SR1-win32-x86_64/eclipse/plugins/org.testng.eclipse_6.8.6.20141201_2240/lib/testng.jar:C:\JavaForTesters\Programming-For-Testers-Java\addressbook-selenium-tests\bin:C:\Users\Korlova\Downloads\selenium-server-standalone-2.43.1.jar org.testng.remote.RemoteTestNG -serport 61656 -d C:\JavaForTesters\Programming-For-Testers-Java\addressbook-selenium-tests\test-output C:\Users\Korlova\AppData\Local\Temp\testng-eclipse--671484684\testng-customsuite.xml

!ENTRY org.testng.eclipse 1 0 2014-10-12 23:12:30.235
!MESSAGE [TestNGLaunchShortcut] Examining Java element:com.example.tests [in src [in addressbook-selenium-tests]]
  [Working copy] AlsoGroupCreationTests.java
    package com.example.tests
    import org.testng.annotations.Test
    class AlsoGroupCreationTests
      void testNonEmptyGroupCreation()
      void testEmptyGroupCreation()
  [Working copy] TestBase.java
    package com.example.tests
    import org.junit.Assert.fail
    import java.util.concurrent.TimeUnit
    import org.openqa.selenium.Alert
    import org.openqa.selenium.By
    import org.openqa.selenium.NoAlertPresentException
    import org.openqa.selenium.NoSuchElementException
    import org.openqa.selenium.WebDriver
    import org.openqa.selenium.firefox.FirefoxDriver
    import org.openqa.selenium.support.ui.Select
    import org.testng.annotations.AfterClass
    import org.testng.annotations.AfterTest
    import org.testng.annotations.BeforeClass
    import org.testng.annotations.BeforeTest
    class TestBase
      WebDriver driver
      String baseUrl
      boolean acceptNextAlert
      StringBuffer verificationErrors
      void setUp()
      void tearDown()
      void returnToGroupsPage()
      void submitGroupCreation()
      void fillGroupForm(GroupData)
      void initGroupCreation()
      void gotoGroupsPage()
      boolean isAlertPresent()
      String closeAlertAndGetItsText()
      void returnToHomePage()
      void fillContactForm(ContactData)
      void initContactCreation()
      void openMainPage()
      boolean isElementPresent(By)
  GroupData.java
    package com.example.tests
    class GroupData
      String name
      String header
      String footer
      GroupData()
      GroupData(String, String, String)
  [Working copy] GroupCreationTests.java
    package com.example.tests
    import org.testng.annotations.Test
    class GroupCreationTests
      void testNonEmptyGroupCreation()
      void testEmptyGroupCreation()
  [Working copy] ContactCreationTests.java
    package com.example.tests
    import org.testng.annotations.Test
    class ContactCreationTests
      void testNonEmptyContactCreation()
      void testEmptyContactCreation()
  [Working copy] ContactData.java
    package com.example.tests
    class ContactData
      String firstname
      String lastname
      String address
      String home
      String mobile
      String work
      String email
      String email2
      String bday
      String bmonth
      String byear
      String group
      String address2
      String phone2
      ContactData()
      ContactData(String, String, String, String, String, String, String, String, String, String, String, String, String, String)

!ENTRY org.testng.eclipse 1 0 2014-10-12 23:12:30.287
!MESSAGE [TestNGLaunchConfigurationDelegate] Launching:
  Classpath: /C:/Users/Korlova/Downloads/eclipse-java-luna-SR1-win32-x86_64/eclipse/plugins/org.testng.eclipse_6.8.6.20141201_2240/lib/testng.jar C:\JavaForTesters\Programming-For-Testers-Java\addressbook-selenium-tests\bin C:\Users\Korlova\Downloads\selenium-server-standalone-2.43.1.jar
  VMArgs:    -ea
  Class:     org.testng.remote.RemoteTestNG
  Args:      -serport 62077 -d C:\JavaForTesters\Programming-For-Testers-Java\addressbook-selenium-tests\test-output C:\Users\Korlova\AppData\Local\Temp\testng-eclipse-777340635\testng-customsuite.xml
java -ea -classpath /C:/Users/Korlova/Downloads/eclipse-java-luna-SR1-win32-x86_64/eclipse/plugins/org.testng.eclipse_6.8.6.20141201_2240/lib/testng.jar:C:\JavaForTesters\Programming-For-Testers-Java\addressbook-selenium-tests\bin:C:\Users\Korlova\Downloads\selenium-server-standalone-2.43.1.jar org.testng.remote.RemoteTestNG -serport 62077 -d C:\JavaForTesters\Programming-For-Testers-Java\addressbook-selenium-tests\test-output C:\Users\Korlova\AppData\Local\Temp\testng-eclipse-777340635\testng-customsuite.xml

!ENTRY org.testng.eclipse 1 0 2014-10-12 23:16:07.632
!MESSAGE [TestNGLaunchShortcut] Examining Java element:com.example.tests [in src [in addressbook-selenium-tests]]
  [Working copy] AlsoGroupCreationTests.java
    package com.example.tests
    import org.testng.annotations.Test
    class AlsoGroupCreationTests
      void testNonEmptyGroupCreation()
      void testEmptyGroupCreation()
  [Working copy] TestBase.java
    package com.example.tests
    import org.junit.Assert.fail
    import java.util.concurrent.TimeUnit
    import org.openqa.selenium.Alert
    import org.openqa.selenium.By
    import org.openqa.selenium.NoAlertPresentException
    import org.openqa.selenium.NoSuchElementException
    import org.openqa.selenium.WebDriver
    import org.openqa.selenium.firefox.FirefoxDriver
    import org.openqa.selenium.support.ui.Select
    import org.testng.annotations.AfterClass
    import org.testng.annotations.AfterTest
    import org.testng.annotations.BeforeClass
    import org.testng.annotations.BeforeTest
    class TestBase
      WebDriver driver
      String baseUrl
      boolean acceptNextAlert
      StringBuffer verificationErrors
      void setUp()
      void tearDown()
      void returnToGroupsPage()
      void submitGroupCreation()
      void fillGroupForm(GroupData)
      void initGroupCreation()
      void gotoGroupsPage()
      void openMainPage()
      boolean isElementPresent(By)
      boolean isAlertPresent()
      String closeAlertAndGetItsText()
      void setUp()#2
      void returnToHomePage()
      void submitGroupCreation()#2
      void fillContactForm(ContactData)
      void initContactCreation()
      void openMainPage()#2
      void tearDown()#2
      boolean isElementPresent(By)#2
      boolean isAlertPresent()#2
      String closeAlertAndGetItsText()#2
  GroupData.java
    package com.example.tests
    class GroupData
      String name
      String header
      String footer
      GroupData()
      GroupData(String, String, String)
  [Working copy] GroupCreationTests.java
    package com.example.tests
    import org.testng.annotations.Test
    class GroupCreationTests
      void testNonEmptyGroupCreation()
      void testEmptyGroupCreation()
  [Working copy] ContactCreationTests.java
    package com.example.tests
    import org.testng.annotations.Test
    class ContactCreationTests
      void testNonEmptyContactCreation()
      void testEmptyContactCreation()
  [Working copy] ContactData.java
    package com.example.tests
    class ContactData
      String firstname
      String lastname
      String address
      String home
      String mobile
      String work
      String email
      String email2
      String bday
      String bmonth
      String byear
      String group
      String address2
      String phone2
      ContactData()
      ContactData(String, String, String, String, String, String, String, String, String, String, String, String, String, String)

!ENTRY org.testng.eclipse 1 0 2014-10-12 23:16:10.038
!MESSAGE [TestNGLaunchConfigurationDelegate] Launching:
  Classpath: /C:/Users/Korlova/Downloads/eclipse-java-luna-SR1-win32-x86_64/eclipse/plugins/org.testng.eclipse_6.8.6.20141201_2240/lib/testng.jar C:\JavaForTesters\Programming-For-Testers-Java\addressbook-selenium-tests\bin C:\Users\Korlova\Downloads\selenium-server-standalone-2.43.1.jar
  VMArgs:    -ea
  Class:     org.testng.remote.RemoteTestNG
  Args:      -serport 62147 -d C:\JavaForTesters\Programming-For-Testers-Java\addressbook-selenium-tests\test-output C:\Users\Korlova\AppData\Local\Temp\testng-eclipse-651449479\testng-customsuite.xml
java -ea -classpath /C:/Users/Korlova/Downloads/eclipse-java-luna-SR1-win32-x86_64/eclipse/plugins/org.testng.eclipse_6.8.6.20141201_2240/lib/testng.jar:C:\JavaForTesters\Programming-For-Testers-Java\addressbook-selenium-tests\bin:C:\Users\Korlova\Downloads\selenium-server-standalone-2.43.1.jar org.testng.remote.RemoteTestNG -serport 62147 -d C:\JavaForTesters\Programming-For-Testers-Java\addressbook-selenium-tests\test-output C:\Users\Korlova\AppData\Local\Temp\testng-eclipse-651449479\testng-customsuite.xml

!ENTRY org.testng.eclipse 1 0 2014-10-12 23:22:35.196
!MESSAGE [TestNGLaunchShortcut] Examining Java element:com.example.tests [in src [in addressbook-selenium-tests]]
  [Working copy] AlsoGroupCreationTests.java
    package com.example.tests
    import org.testng.annotations.Test
    class AlsoGroupCreationTests
      void testNonEmptyGroupCreation()
      void testEmptyGroupCreation()
  [Working copy] TestBase.java
    package com.example.tests
    import org.junit.Assert.fail
    import java.util.concurrent.TimeUnit
    import org.openqa.selenium.Alert
    import org.openqa.selenium.By
    import org.openqa.selenium.NoAlertPresentException
    import org.openqa.selenium.NoSuchElementException
    import org.openqa.selenium.WebDriver
    import org.openqa.selenium.firefox.FirefoxDriver
    import org.openqa.selenium.support.ui.Select
    import org.testng.annotations.AfterClass
    import org.testng.annotations.AfterTest
    import org.testng.annotations.BeforeClass
    import org.testng.annotations.BeforeTest
    class TestBase
      WebDriver driver
      String baseUrl
      boolean acceptNextAlert
      StringBuffer verificationErrors
      void setUp()
      void tearDown()
      void returnToGroupsPage()
      void submitGroupCreation()
      void fillGroupForm(GroupData)
      void initGroupCreation()
      void gotoGroupsPage()
      void openMainPage()
      boolean isElementPresent(By)
      boolean isAlertPresent()
      String closeAlertAndGetItsText()
      void returnToHomePage()
      void submitContactCreation()
      void fillContactForm(ContactData)
      void initContactCreation()
  GroupData.java
    package com.example.tests
    class GroupData
      String name
      String header
      String footer
      GroupData()
      GroupData(String, String, String)
  [Working copy] GroupCreationTests.java
    package com.example.tests
    import org.testng.annotations.Test
    class GroupCreationTests
      void testNonEmptyGroupCreation()
      void testEmptyGroupCreation()
  [Working copy] ContactCreationTests.java
    package com.example.tests
    import org.testng.annotations.Test
    class ContactCreationTests
      void testNonEmptyContactCreation()
      void testEmptyContactCreation()
  [Working copy] ContactData.java
    package com.example.tests
    class ContactData
      String firstname
      String lastname
      String address
      String home
      String mobile
      String work
      String email
      String email2
      String bday
      String bmonth
      String byear
      String group
      String address2
      String phone2
      ContactData()
      ContactData(String, String, String, String, String, String, String, String, String, String, String, String, String, String)

!ENTRY org.testng.eclipse 1 0 2014-10-12 23:22:35.266
!MESSAGE [TestNGLaunchConfigurationDelegate] Launching:
  Classpath: /C:/Users/Korlova/Downloads/eclipse-java-luna-SR1-win32-x86_64/eclipse/plugins/org.testng.eclipse_6.8.6.20141201_2240/lib/testng.jar C:\JavaForTesters\Programming-For-Testers-Java\addressbook-selenium-tests\bin C:\Users\Korlova\Downloads\selenium-server-standalone-2.43.1.jar
  VMArgs:    -ea
  Class:     org.testng.remote.RemoteTestNG
  Args:      -serport 62281 -d C:\JavaForTesters\Programming-For-Testers-Java\addressbook-selenium-tests\test-output C:\Users\Korlova\AppData\Local\Temp\testng-eclipse-1842984530\testng-customsuite.xml
java -ea -classpath /C:/Users/Korlova/Downloads/eclipse-java-luna-SR1-win32-x86_64/eclipse/plugins/org.testng.eclipse_6.8.6.20141201_2240/lib/testng.jar:C:\JavaForTesters\Programming-For-Testers-Java\addressbook-selenium-tests\bin:C:\Users\Korlova\Downloads\selenium-server-standalone-2.43.1.jar org.testng.remote.RemoteTestNG -serport 62281 -d C:\JavaForTesters\Programming-For-Testers-Java\addressbook-selenium-tests\test-output C:\Users\Korlova\AppData\Local\Temp\testng-eclipse-1842984530\testng-customsuite.xml
