<?xml version="1.0" encoding="UTF-8"?>
<!-- Generated by org.testng.reporters.JUnitXMLReporter -->
<testsuite hostname="KORLOVA" name="Default test" tests="3" failures="0" timestamp="24 Nov 2014 19:55:17 GMT" time="14.344" errors="0">
  <testcase name="testFolderCreation" time="4.419" classname="com.example.tests.TestFolderCreation"/>
  <testcase name="testFoldersWithSameNameCreation" time="3.513" classname="com.example.tests.TestFolderCreation"/>
  <testcase name="testVariousFoldersCreation" time="6.381" classname="com.example.tests.TestFolderCreation"/>
</testsuite> <!-- Default test -->
